▶ s6 位置-only 训练开始 · GOAL_IGNORE_ORIENT=1 · 5M步 · TAG=_posonly_ppo_s6 · Tue Jul 14 18:30:56 CST 2026
=== step4e [FULL（非SMOKE；场景数看 N_TOTAL，非必=全2000）] | parties=['Continuous-safe'] | N_TOTAL=200 test_frac=0.3 | steps=5000000 seeds=[6] n_seg=10 n_envs=8 | ent_coef=0.01(恒定·关退火) clip_reward=10(默认) norm_reward=True(默认) ===
均衡数据集模式（manifest）：训练 94（head-on/crossing 94 + overtaking 0）+ 测试 40（head-on/crossing 40 + overtaking 0）← /root/trb/balanced_pool/manifest_hocr_200.json
实际可用：训练 94/94 / 测试 40/40
📋 静态元数据 → run_metadata_posonly_ppo_s6.json（论文参数全记齐）

>>> Continuous-safe (env=continuous, colregs_weight=0.0) seed=6 训练中…
/root/miniconda3/lib/python3.10/site-packages/cvxpy/problems/problem.py:1539: UserWarning: Solution may be inaccurate. Try another solver, adjusting the solver settings, or solve with verbose=True for more information.
  warnings.warn(
    [Continuous-safe seed6]   500000步 | 到达  20.0% 碰撞  0.0% 违规  0.53 紧急  3.9% 兜底  0.1% Ep  1630s
/root/miniconda3/lib/python3.10/site-packages/cvxpy/problems/problem.py:1539: UserWarning: Solution may be inaccurate. Try another solver, adjusting the solver settings, or solve with verbose=True for more information.
  warnings.warn(
    [Continuous-safe seed6]  1000000步 | 到达  37.5% 碰撞  0.0% 违规  0.50 紧急  0.7% 兜底  0.0% Ep  1349s
/root/miniconda3/lib/python3.10/site-packages/cvxpy/problems/problem.py:1539: UserWarning: Solution may be inaccurate. Try another solver, adjusting the solver settings, or solve with verbose=True for more information.
  warnings.warn(
/root/miniconda3/lib/python3.10/site-packages/cvxpy/problems/problem.py:1539: UserWarning: Solution may be inaccurate. Try another solver, adjusting the solver settings, or solve with verbose=True for more information.
  warnings.warn(
/root/miniconda3/lib/python3.10/site-packages/cvxpy/problems/problem.py:1539: UserWarning: Solution may be inaccurate. Try another solver, adjusting the solver settings, or solve with verbose=True for more information.
  warnings.warn(
/root/miniconda3/lib/python3.10/site-packages/cvxpy/problems/problem.py:1539: UserWarning: Solution may be inaccurate. Try another solver, adjusting the solver settings, or solve with verbose=True for more information.
  warnings.warn(
/root/miniconda3/lib/python3.10/site-packages/cvxpy/problems/problem.py:1539: UserWarning: Solution may be inaccurate. Try another solver, adjusting the solver settings, or solve with verbose=True for more information.
  warnings.warn(
    [Continuous-safe seed6]  1500000步 | 到达  97.5% 碰撞  0.0% 违规  0.78 紧急  2.5% 兜底  0.1% Ep   706s
/root/miniconda3/lib/python3.10/site-packages/cvxpy/problems/problem.py:1539: UserWarning: Solution may be inaccurate. Try another solver, adjusting the solver settings, or solve with verbose=True for more information.
  warnings.warn(
    [Continuous-safe seed6]  2000000步 | 到达  97.5% 碰撞  0.0% 违规  0.93 紧急  5.5% 兜底  0.3% Ep   600s
    [Continuous-safe seed6]  2500000步 | 到达  97.5% 碰撞  0.0% 违规  0.68 紧急  0.6% 兜底  0.3% Ep   574s
/root/miniconda3/lib/python3.10/site-packages/cvxpy/problems/problem.py:1539: UserWarning: Solution may be inaccurate. Try another solver, adjusting the solver settings, or solve with verbose=True for more information.
  warnings.warn(
    [Continuous-safe seed6]  3000000步 | 到达 100.0% 碰撞  0.0% 违规  0.62 紧急  0.6% 兜底  0.4% Ep   505s
    [Continuous-safe seed6]  3500000步 | 到达 100.0% 碰撞  0.0% 违规  1.23 紧急  0.6% 兜底  0.4% Ep   524s
    [Continuous-safe seed6]  4000000步 | 到达 100.0% 碰撞  0.0% 违规  1.23 紧急  1.4% 兜底  0.2% Ep   499s
    [Continuous-safe seed6]  4500000步 | 到达  97.5% 碰撞  0.0% 违规  1.18 紧急  1.2% 兜底  0.2% Ep   522s
    [Continuous-safe seed6]  5000000步 | 到达 100.0% 碰撞  0.0% 违规  1.20 紧急  1.3% 兜底  0.0% Ep   509s
    [Continuous-safe seed6] ✅ 训练 14092s = 355 fps + 评估 218s（评估占 wall 2%；满量 3M 预计 2.3h/种子）

# step4e Table III [FULL（非SMOKE；场景数看 N_TOTAL，非必=全2000）] | N_TOTAL=200 70/30 选取=均衡数据集 manifest(manifest_hocr_200.json) | 实际 训练 94 / 测试 40 | steps=5000000 | seeds=[6] | 均值±样本std
# 四方同口径配方：同 env/场景/评估(ViolationCounter)/VecNormalize(obs+reward·clip 见下行配置)/gamma0.99；离散三方=MaskablePPO+ent_coef（配置见下行，03 D22/D25/L21）、Continuous-safe=SAC(ent_coef auto·无退火)+连续投影盾(丢 r_colregs·紧急步%两臂 pre-step rho_acting 同口径·另有「兜底步%」列见 jsonl，C2/L46)
# ent/clip/normR 配置：（旧记录未标 → 未知）
# 本次 run 耗时 14325s（续跑/并行场景非累计）

Party          |         到达率% |         碰撞率% |         违规/局 |         紧急步% |         Ep长s | seeds
------------------------------------------------------------------------------------------------
Base           | （未完成）
Rule-reward    | （未完成）
Discrete-safe  | （未完成）
Continuous-safe |    100.0±0.0 |      0.0±0.0 |    1.20±0.00 |      1.3±0.0 |        509±0 | 1

✅ 完成。Table III → /root/trb/代码/../结果/table3_posonly_ppo_s6.txt（partial → /root/trb/代码/../结果/step4e_partial_posonly_ppo_s6.jsonl）
⭐ 把 结果/table3.txt 发我核对是否过 Phase 1 通过门（对齐 Krasowski）。
=== 训练结束·收产物 → /root/trb/结果/posonly_s6 · Tue Jul 14 22:29:47 CST 2026 ===
'/root/trb/结果/checkpoints/Continuous-safe_s6_posonly_ppo_s6.zip' -> '/root/trb/结果/posonly_s6/Continuous-safe_s6_posonly_ppo_s6.zip'
'/root/trb/结果/checkpoints/Continuous-safe_s6_posonly_ppo_s6_vecnorm.pkl' -> '/root/trb/结果/posonly_s6/Continuous-safe_s6_posonly_ppo_s6_vecnorm.pkl'
'/root/trb/结果/checkpoints/Continuous-safe_s6_posonly_ppo_s6.progress.json' -> '/root/trb/结果/posonly_s6/Continuous-safe_s6_posonly_ppo_s6.progress.json'
'/root/trb/结果/run_metadata_posonly_ppo_s6.json' -> '/root/trb/结果/posonly_s6/run_metadata_posonly_ppo_s6.json'
'/root/trb/结果/step4e_partial_posonly_ppo_s6.jsonl' -> '/root/trb/结果/posonly_s6/step4e_partial_posonly_ppo_s6.jsonl'
✅ s6 全部完成 · Tue Jul 14 22:29:47 CST 2026 · 文件夹 /root/trb/结果/posonly_s6 自成一体·可传回本地判读
