▶ s8 位置-only 训练开始 · GOAL_IGNORE_ORIENT=1 · 5M步 · TAG=_posonly_ppo_s8 · Tue Jul 14 18:30:56 CST 2026
=== step4e [FULL（非SMOKE；场景数看 N_TOTAL，非必=全2000）] | parties=['Continuous-safe'] | N_TOTAL=200 test_frac=0.3 | steps=5000000 seeds=[8] n_seg=10 n_envs=8 | ent_coef=0.01(恒定·关退火) clip_reward=10(默认) norm_reward=True(默认) ===
均衡数据集模式（manifest）：训练 94（head-on/crossing 94 + overtaking 0）+ 测试 40（head-on/crossing 40 + overtaking 0）← /root/trb/balanced_pool/manifest_hocr_200.json
实际可用：训练 94/94 / 测试 40/40
📋 静态元数据 → run_metadata_posonly_ppo_s8.json（论文参数全记齐）

>>> Continuous-safe (env=continuous, colregs_weight=0.0) seed=8 训练中…
    [Continuous-safe seed8]   500000步 | 到达  12.5% 碰撞  0.0% 违规  0.47 紧急  6.2% 兜底  0.0% Ep  1034s
/root/miniconda3/lib/python3.10/site-packages/cvxpy/problems/problem.py:1539: UserWarning: Solution may be inaccurate. Try another solver, adjusting the solver settings, or solve with verbose=True for more information.
  warnings.warn(
/root/miniconda3/lib/python3.10/site-packages/cvxpy/problems/problem.py:1539: UserWarning: Solution may be inaccurate. Try another solver, adjusting the solver settings, or solve with verbose=True for more information.
  warnings.warn(
    [Continuous-safe seed8]  1000000步 | 到达  30.0% 碰撞  0.0% 违规  0.35 紧急  4.2% 兜底  0.0% Ep   748s
/root/miniconda3/lib/python3.10/site-packages/cvxpy/problems/problem.py:1539: UserWarning: Solution may be inaccurate. Try another solver, adjusting the solver settings, or solve with verbose=True for more information.
  warnings.warn(
/root/miniconda3/lib/python3.10/site-packages/cvxpy/problems/problem.py:1539: UserWarning: Solution may be inaccurate. Try another solver, adjusting the solver settings, or solve with verbose=True for more information.
  warnings.warn(
    [Continuous-safe seed8]  1500000步 | 到达  80.0% 碰撞  0.0% 违规  0.50 紧急  2.4% 兜底  0.1% Ep   629s
/root/miniconda3/lib/python3.10/site-packages/cvxpy/problems/problem.py:1539: UserWarning: Solution may be inaccurate. Try another solver, adjusting the solver settings, or solve with verbose=True for more information.
  warnings.warn(
    [Continuous-safe seed8]  2000000步 | 到达  82.5% 碰撞  0.0% 违规  0.30 紧急  0.3% 兜底  0.2% Ep   566s
    [Continuous-safe seed8]  2500000步 | 到达  92.5% 碰撞  0.0% 违规  0.72 紧急  0.6% 兜底  0.0% Ep   545s
/root/miniconda3/lib/python3.10/site-packages/cvxpy/problems/problem.py:1539: UserWarning: Solution may be inaccurate. Try another solver, adjusting the solver settings, or solve with verbose=True for more information.
  warnings.warn(
    [Continuous-safe seed8]  3000000步 | 到达  92.5% 碰撞  0.0% 违规  0.60 紧急  0.3% 兜底  0.0% Ep   520s
/root/miniconda3/lib/python3.10/site-packages/cvxpy/problems/problem.py:1539: UserWarning: Solution may be inaccurate. Try another solver, adjusting the solver settings, or solve with verbose=True for more information.
  warnings.warn(
/root/miniconda3/lib/python3.10/site-packages/cvxpy/problems/problem.py:1539: UserWarning: Solution may be inaccurate. Try another solver, adjusting the solver settings, or solve with verbose=True for more information.
  warnings.warn(
    [Continuous-safe seed8]  3500000步 | 到达 100.0% 碰撞  0.0% 违规  0.85 紧急  0.2% 兜底  0.2% Ep   516s
    [Continuous-safe seed8]  4000000步 | 到达 100.0% 碰撞  0.0% 违规  1.73 紧急  1.4% 兜底  0.1% Ep   510s
    [Continuous-safe seed8]  4500000步 | 到达 100.0% 碰撞  0.0% 违规  1.52 紧急  1.6% 兜底  0.2% Ep   518s
    [Continuous-safe seed8]  5000000步 | 到达 100.0% 碰撞  0.0% 违规  0.82 紧急  0.6% 兜底  0.0% Ep   503s
    [Continuous-safe seed8] ✅ 训练 14167s = 353 fps + 评估 195s（评估占 wall 1%；满量 3M 预计 2.4h/种子）

# step4e Table III [FULL（非SMOKE；场景数看 N_TOTAL，非必=全2000）] | N_TOTAL=200 70/30 选取=均衡数据集 manifest(manifest_hocr_200.json) | 实际 训练 94 / 测试 40 | steps=5000000 | seeds=[8] | 均值±样本std
# 四方同口径配方：同 env/场景/评估(ViolationCounter)/VecNormalize(obs+reward·clip 见下行配置)/gamma0.99；离散三方=MaskablePPO+ent_coef（配置见下行，03 D22/D25/L21）、Continuous-safe=SAC(ent_coef auto·无退火)+连续投影盾(丢 r_colregs·紧急步%两臂 pre-step rho_acting 同口径·另有「兜底步%」列见 jsonl，C2/L46)
# ent/clip/normR 配置：（旧记录未标 → 未知）
# 本次 run 耗时 14377s（续跑/并行场景非累计）

Party          |         到达率% |         碰撞率% |         违规/局 |         紧急步% |         Ep长s | seeds
------------------------------------------------------------------------------------------------
Base           | （未完成）
Rule-reward    | （未完成）
Discrete-safe  | （未完成）
Continuous-safe |    100.0±0.0 |      0.0±0.0 |    0.82±0.00 |      0.6±0.0 |        503±0 | 1

✅ 完成。Table III → /root/trb/代码/../结果/table3_posonly_ppo_s8.txt（partial → /root/trb/代码/../结果/step4e_partial_posonly_ppo_s8.jsonl）
⭐ 把 结果/table3.txt 发我核对是否过 Phase 1 通过门（对齐 Krasowski）。
=== 训练结束·收产物 → /root/trb/结果/posonly_s8 · Tue Jul 14 22:30:38 CST 2026 ===
'/root/trb/结果/checkpoints/Continuous-safe_s8_posonly_ppo_s8.zip' -> '/root/trb/结果/posonly_s8/Continuous-safe_s8_posonly_ppo_s8.zip'
'/root/trb/结果/checkpoints/Continuous-safe_s8_posonly_ppo_s8_vecnorm.pkl' -> '/root/trb/结果/posonly_s8/Continuous-safe_s8_posonly_ppo_s8_vecnorm.pkl'
'/root/trb/结果/checkpoints/Continuous-safe_s8_posonly_ppo_s8.progress.json' -> '/root/trb/结果/posonly_s8/Continuous-safe_s8_posonly_ppo_s8.progress.json'
'/root/trb/结果/run_metadata_posonly_ppo_s8.json' -> '/root/trb/结果/posonly_s8/run_metadata_posonly_ppo_s8.json'
'/root/trb/结果/step4e_partial_posonly_ppo_s8.jsonl' -> '/root/trb/结果/posonly_s8/step4e_partial_posonly_ppo_s8.jsonl'
✅ s8 全部完成 · Tue Jul 14 22:30:38 CST 2026 · 文件夹 /root/trb/结果/posonly_s8 自成一体·可传回本地判读
