=== step4e [FULL（非SMOKE；场景数看 N_TOTAL，非必=全2000）] | parties=['Continuous-safe'] | N_TOTAL=200 test_frac=0.3 | steps=5000000 seeds=[2] n_seg=10 n_envs=8 | ent_coef=0.01(恒定·关退火) clip_reward=10(默认) norm_reward=True(默认) ===
  …下载 200/934（失败 0）
  …下载 400/934（失败 0）
  …下载 600/934（失败 0）
  …下载 800/934（失败 0）
均衡数据集模式（manifest）：训练 934（head-on/crossing 934 + overtaking 0）+ 测试 40（head-on/crossing 40 + overtaking 0）← /root/trb/balanced_pool/manifest_bigtr_hocr.json
实际可用：训练 934/934 / 测试 40/40
📋 静态元数据 → run_metadata_probeBigHOCRA_s2.json（论文参数全记齐）

>>> Continuous-safe (env=continuous, colregs_weight=0.0) seed=2 训练中…
/root/miniconda3/lib/python3.10/site-packages/cvxpy/problems/problem.py:1539: UserWarning: Solution may be inaccurate. Try another solver, adjusting the solver settings, or solve with verbose=True for more information.
  warnings.warn(
    [Continuous-safe seed2]   500000步 | 到达   0.0% 碰撞  0.0% 违规  0.28 紧急  2.5% 兜底  0.0% Ep  1421s
    [Continuous-safe seed2]  1000000步 | 到达   2.5% 碰撞  0.0% 违规  0.20 紧急  0.1% 兜底  0.0% Ep  1675s
    [Continuous-safe seed2]  1500000步 | 到达   2.5% 碰撞  0.0% 违规  0.88 紧急  5.1% 兜底  0.1% Ep   899s
    [Continuous-safe seed2]  2000000步 | 到达   5.0% 碰撞  0.0% 违规  1.02 紧急  3.9% 兜底  0.1% Ep   726s
    [Continuous-safe seed2]  2500000步 | 到达   0.0% 碰撞  0.0% 违规  0.90 紧急  2.0% 兜底  0.2% Ep   665s
/root/miniconda3/lib/python3.10/site-packages/cvxpy/problems/problem.py:1539: UserWarning: Solution may be inaccurate. Try another solver, adjusting the solver settings, or solve with verbose=True for more information.
  warnings.warn(
/root/miniconda3/lib/python3.10/site-packages/cvxpy/problems/problem.py:1539: UserWarning: Solution may be inaccurate. Try another solver, adjusting the solver settings, or solve with verbose=True for more information.
  warnings.warn(
    [Continuous-safe seed2]  3000000步 | 到达  10.0% 碰撞  0.0% 违规  1.27 紧急  4.2% 兜底  0.2% Ep   694s
/root/miniconda3/lib/python3.10/site-packages/cvxpy/problems/problem.py:1539: UserWarning: Solution may be inaccurate. Try another solver, adjusting the solver settings, or solve with verbose=True for more information.
  warnings.warn(
/root/miniconda3/lib/python3.10/site-packages/cvxpy/problems/problem.py:1539: UserWarning: Solution may be inaccurate. Try another solver, adjusting the solver settings, or solve with verbose=True for more information.
  warnings.warn(
    [Continuous-safe seed2]  3500000步 | 到达  30.0% 碰撞  0.0% 违规  1.45 紧急  2.4% 兜底  0.2% Ep   634s
/root/miniconda3/lib/python3.10/site-packages/cvxpy/problems/problem.py:1539: UserWarning: Solution may be inaccurate. Try another solver, adjusting the solver settings, or solve with verbose=True for more information.
  warnings.warn(
    [Continuous-safe seed2]  4000000步 | 到达  65.0% 碰撞  0.0% 违规  1.30 紧急  3.2% 兜底  0.2% Ep   602s
