=== step4e [FULL（非SMOKE；场景数看 N_TOTAL，非必=全2000）] | parties=['Continuous-safe'] | N_TOTAL=200 test_frac=0.3 | steps=5000000 seeds=[1] n_seg=10 n_envs=8 | ent_coef=0.01(恒定·关退火) clip_reward=10(默认) norm_reward=True(默认) ===
  …下载 200/934（失败 0）
  …下载 400/934（失败 0）
  …下载 600/934（失败 0）
  …下载 800/934（失败 0）
均衡数据集模式（manifest）：训练 934（head-on/crossing 934 + overtaking 0）+ 测试 40（head-on/crossing 40 + overtaking 0）← /root/trb/balanced_pool/manifest_bigtr_hocr.json
实际可用：训练 934/934 / 测试 40/40
📋 静态元数据 → run_metadata_probeBigHOCRB_s1.json（论文参数全记齐）

>>> Continuous-safe (env=continuous, colregs_weight=0.0) seed=1 训练中…
/root/miniconda3/lib/python3.10/site-packages/cvxpy/problems/problem.py:1539: UserWarning: Solution may be inaccurate. Try another solver, adjusting the solver settings, or solve with verbose=True for more information.
  warnings.warn(
    [Continuous-safe seed1]   500000步 | 到达   0.0% 碰撞  0.0% 违规  0.23 紧急  1.9% 兜底  0.1% Ep   788s
/root/miniconda3/lib/python3.10/site-packages/cvxpy/problems/problem.py:1539: UserWarning: Solution may be inaccurate. Try another solver, adjusting the solver settings, or solve with verbose=True for more information.
  warnings.warn(
/root/miniconda3/lib/python3.10/site-packages/cvxpy/problems/problem.py:1539: UserWarning: Solution may be inaccurate. Try another solver, adjusting the solver settings, or solve with verbose=True for more information.
  warnings.warn(
    [Continuous-safe seed1]  1000000步 | 到达   2.5% 碰撞  0.0% 违规  0.35 紧急  2.2% 兜底  0.3% Ep   630s
/root/miniconda3/lib/python3.10/site-packages/cvxpy/problems/problem.py:1539: UserWarning: Solution may be inaccurate. Try another solver, adjusting the solver settings, or solve with verbose=True for more information.
  warnings.warn(
/root/miniconda3/lib/python3.10/site-packages/cvxpy/problems/problem.py:1539: UserWarning: Solution may be inaccurate. Try another solver, adjusting the solver settings, or solve with verbose=True for more information.
  warnings.warn(
    [Continuous-safe seed1]  1500000步 | 到达   7.5% 碰撞  0.0% 违规  0.38 紧急  0.3% 兜底  0.3% Ep   589s
/root/miniconda3/lib/python3.10/site-packages/cvxpy/problems/problem.py:1539: UserWarning: Solution may be inaccurate. Try another solver, adjusting the solver settings, or solve with verbose=True for more information.
  warnings.warn(
    [Continuous-safe seed1]  2000000步 | 到达   5.0% 碰撞  0.0% 违规  0.75 紧急  2.6% 兜底  0.3% Ep   645s
/root/miniconda3/lib/python3.10/site-packages/cvxpy/problems/problem.py:1539: UserWarning: Solution may be inaccurate. Try another solver, adjusting the solver settings, or solve with verbose=True for more information.
  warnings.warn(
/root/miniconda3/lib/python3.10/site-packages/cvxpy/problems/problem.py:1539: UserWarning: Solution may be inaccurate. Try another solver, adjusting the solver settings, or solve with verbose=True for more information.
  warnings.warn(
    [Continuous-safe seed1]  2500000步 | 到达  15.0% 碰撞  0.0% 违规  0.80 紧急  2.9% 兜底  0.3% Ep   647s
    [Continuous-safe seed1]  3000000步 | 到达  40.0% 碰撞  0.0% 违规  1.07 紧急  4.8% 兜底  0.4% Ep   665s
/root/miniconda3/lib/python3.10/site-packages/cvxpy/problems/problem.py:1539: UserWarning: Solution may be inaccurate. Try another solver, adjusting the solver settings, or solve with verbose=True for more information.
  warnings.warn(
    [Continuous-safe seed1]  3500000步 | 到达  40.0% 碰撞  0.0% 违规  0.85 紧急  2.8% 兜底  0.2% Ep   586s
    [Continuous-safe seed1]  4000000步 | 到达  45.0% 碰撞  0.0% 违规  1.12 紧急  2.4% 兜底  0.4% Ep   627s
