=== step4e [FULL（非SMOKE；场景数看 N_TOTAL，非必=全2000）] | parties=['Continuous-safe'] | N_TOTAL=200 test_frac=0.3 | steps=5000000 seeds=[0] n_seg=10 n_envs=8 | ent_coef=0.01(恒定·关退火) clip_reward=10(默认) norm_reward=True(默认) ===
  …下载 200/934（失败 0）
  …下载 400/934（失败 0）
  …下载 600/934（失败 0）
  …下载 800/934（失败 0）
均衡数据集模式（manifest）：训练 934（head-on/crossing 934 + overtaking 0）+ 测试 40（head-on/crossing 40 + overtaking 0）← /root/trb/balanced_pool/manifest_bigtr_hocr.json
实际可用：训练 934/934 / 测试 40/40
📋 静态元数据 → run_metadata_probeBigHOCRB_s0.json（论文参数全记齐）

>>> Continuous-safe (env=continuous, colregs_weight=0.0) seed=0 训练中…
/root/miniconda3/lib/python3.10/site-packages/cvxpy/problems/problem.py:1539: UserWarning: Solution may be inaccurate. Try another solver, adjusting the solver settings, or solve with verbose=True for more information.
  warnings.warn(
/root/miniconda3/lib/python3.10/site-packages/cvxpy/problems/problem.py:1539: UserWarning: Solution may be inaccurate. Try another solver, adjusting the solver settings, or solve with verbose=True for more information.
  warnings.warn(
/root/miniconda3/lib/python3.10/site-packages/cvxpy/problems/problem.py:1539: UserWarning: Solution may be inaccurate. Try another solver, adjusting the solver settings, or solve with verbose=True for more information.
  warnings.warn(
    [Continuous-safe seed0]   500000步 | 到达   0.0% 碰撞  0.0% 违规  2.80 紧急  8.6% 兜底  0.1% Ep  1700s
/root/miniconda3/lib/python3.10/site-packages/cvxpy/problems/problem.py:1539: UserWarning: Solution may be inaccurate. Try another solver, adjusting the solver settings, or solve with verbose=True for more information.
  warnings.warn(
/root/miniconda3/lib/python3.10/site-packages/cvxpy/problems/problem.py:1539: UserWarning: Solution may be inaccurate. Try another solver, adjusting the solver settings, or solve with verbose=True for more information.
  warnings.warn(
    [Continuous-safe seed0]  1000000步 | 到达   2.5% 碰撞  0.0% 违规  3.17 紧急  7.6% 兜底  0.0% Ep  1696s
    [Continuous-safe seed0]  1500000步 | 到达   0.0% 碰撞  0.0% 违规  0.75 紧急  0.3% 兜底  0.0% Ep  1700s
    [Continuous-safe seed0]  2000000步 | 到达   0.0% 碰撞  0.0% 违规  0.47 紧急  1.7% 兜底  0.0% Ep  1700s
/root/miniconda3/lib/python3.10/site-packages/cvxpy/problems/problem.py:1539: UserWarning: Solution may be inaccurate. Try another solver, adjusting the solver settings, or solve with verbose=True for more information.
  warnings.warn(
    [Continuous-safe seed0]  2500000步 | 到达   2.5% 碰撞  0.0% 违规  0.25 紧急  1.8% 兜底  0.0% Ep  1697s
    [Continuous-safe seed0]  3000000步 | 到达   2.5% 碰撞  0.0% 违规  0.53 紧急  0.6% 兜底  0.0% Ep  1698s
    [Continuous-safe seed0]  3500000步 | 到达   2.5% 碰撞  0.0% 违规  0.45 紧急  0.0% 兜底  0.0% Ep  1698s
/root/miniconda3/lib/python3.10/site-packages/cvxpy/problems/problem.py:1539: UserWarning: Solution may be inaccurate. Try another solver, adjusting the solver settings, or solve with verbose=True for more information.
  warnings.warn(
    [Continuous-safe seed0]  4000000步 | 到达   0.0% 碰撞  0.0% 违规  0.30 紧急  0.0% 兜底  0.0% Ep  1700s
    [Continuous-safe seed0]  4500000步 | 到达   0.0% 碰撞  0.0% 违规  0.15 紧急  1.7% 兜底  0.0% Ep  1700s
