=== step4e [FULL（非SMOKE；场景数看 N_TOTAL，非必=全2000）] | parties=['Continuous-safe'] | N_TOTAL=200 test_frac=0.3 | steps=500000 seeds=[1] n_seg=5 n_envs=8 | ent_coef=0.01(恒定·关退火) clip_reward=10(默认) norm_reward=True(默认) ===
分散抽样：训练 140 + held-out 测试 60（互不重叠、非尾块）→ 缓存 /root/trb/scenarios …
实际可用：训练 140/140 / 测试 60/60
📋 静态元数据 → run_metadata_diagReproNow.json（论文参数全记齐）

>>> Continuous-safe (env=continuous, colregs_weight=0.0) seed=1 训练中…
    [Continuous-safe seed1]   100000步 | 到达   0.0% 碰撞  0.0% 违规  2.00 紧急 14.3% 兜底  0.1% Ep  1402s
    [Continuous-safe seed1]   200000步 | 到达   3.3% 碰撞  0.0% 违规  1.60 紧急 10.2% 兜底  0.1% Ep  1599s
    [Continuous-safe seed1]   300000步 | 到达   1.7% 碰撞  1.7% 违规  1.82 紧急 13.2% 兜底  0.2% Ep  1376s
    [Continuous-safe seed1]   400000步 | 到达   1.7% 碰撞  0.0% 违规  1.18 紧急  9.9% 兜底  0.1% Ep  1428s
    [Continuous-safe seed1]   500000步 | 到达   8.3% 碰撞  0.0% 违规  1.00 紧急  5.0% 兜底  0.2% Ep  1354s
    [Continuous-safe seed1] ✅ 训练 1198s = 417 fps + 评估 341s（评估占 wall 22%；满量 3M 预计 2.0h/种子）

# step4e Table III [FULL（非SMOKE；场景数看 N_TOTAL，非必=全2000）] | N_TOTAL=200 70/30 选取=strided跨全库(pool=2000) | 实际 训练 140 / 测试 60 | steps=500000 | seeds=[1] | 均值±样本std
# 四方同口径配方：同 env/场景/评估(ViolationCounter)/VecNormalize(obs+reward·clip 见下行配置)/gamma0.99；离散三方=MaskablePPO+ent_coef（配置见下行，03 D22/D25/L21）、Continuous-safe=SAC(ent_coef auto·无退火)+连续投影盾(丢 r_colregs·紧急步%两臂 pre-step rho_acting 同口径·另有「兜底步%」列见 jsonl，C2/L46)
# ent/clip/normR 配置：（旧记录未标 → 未知）
# 本次 run 耗时 1545s（续跑/并行场景非累计）

Party          |         到达率% |         碰撞率% |         违规/局 |         紧急步% |         Ep长s | seeds
------------------------------------------------------------------------------------------------
Base           | （未完成）
Rule-reward    | （未完成）
Discrete-safe  | （未完成）
Continuous-safe |      8.3±0.0 |      0.0±0.0 |    1.00±0.00 |      5.0±0.0 |       1354±0 | 1

✅ 完成。Table III → /root/trb/代码/../结果/table3_diagReproNow.txt（partial → /root/trb/代码/../结果/step4e_partial_diagReproNow.jsonl）
⭐ 把 结果/table3.txt 发我核对是否过 Phase 1 通过门（对齐 Krasowski）。
