=== step4e [FULL（非SMOKE；场景数看 N_TOTAL，非必=全2000）] | parties=['Base'] | N_TOTAL=200 test_frac=0.3 | steps=3000000 seeds=[4] n_seg=6 n_envs=8 | ent_coef=0.01(恒定·关退火) clip_reward=10(默认) norm_reward=True(默认) ===
分散抽样：训练 140 + held-out 测试 60（互不重叠、非尾块）→ 缓存 /root/trb/scenarios …
实际可用：训练 140/140 / 测试 60/60
断点续跑：已完成 2 个 (party,seed)，跳过。

>>> Base (env=unshielded, colregs_weight=0.0) seed=4 训练中…
    [Base seed4]   500000步 | 到达  95.0% 碰撞  3.3% 违规  2.50 紧急  0.0% Ep   506s
    [Base seed4]  1000000步 | 到达  91.7% 碰撞  3.3% 违规  2.08 紧急  0.0% Ep   484s
    [Base seed4]  1500000步 | 到达  93.3% 碰撞  5.0% 违规  2.72 紧急  0.0% Ep   481s
    [Base seed4]  2000000步 | 到达  96.7% 碰撞  3.3% 违规  2.22 紧急  0.0% Ep   476s
    [Base seed4]  2500000步 | 到达  93.3% 碰撞  6.7% 违规  2.33 紧急  0.0% Ep   466s
    [Base seed4]  3000000步 | 到达  96.7% 碰撞  5.0% 违规  2.55 紧急  0.0% Ep   470s
    [Base seed4] ✅ 训练 4872s = 616 fps + 评估 43s（评估占 wall 1%；满量 3M 训练预计 1.4h/方/种子）
      ⓘ L23 定核：评估占比高 = 单线程 eval 空转多核 → 降 NSEG / 减评估场景数比加核更直接

# step4e Table III [FULL（非SMOKE；场景数看 N_TOTAL，非必=全2000）] | N_TOTAL=200 70/30 选取=strided跨全库(pool=2000) | 实际 训练 140 / 测试 60 | steps=3000000 | seeds=[4] | 均值±样本std
# 三方同口径配方：VecNormalize(obs+reward) + ent_coef（具体配置见下行）（03 D22/D25/L21）；Continuous-safe(SAC)=Phase 3 不在此
# ent/clip/normR 配置：ent 0.01→0.01@前0.6 / clip±10.0 / normR=True
# 本次 run 耗时 4927s（续跑/并行场景非累计）

Party          |         到达率% |         碰撞率% |         违规/局 |         紧急步% |         Ep长s | seeds
------------------------------------------------------------------------------------------------
Base           |     96.7±0.0 |      5.0±0.0 |    2.55±0.00 |            – |        470±0 | 1
Rule-reward    |     93.3±0.0 |      5.0±0.0 |    2.67±0.00 |            – |        477±0 | 1
Discrete-safe  |     88.3±0.0 |      0.0±0.0 |    1.00±0.00 |      5.7±0.0 |        564±0 | 1

✅ 完成。Table III → /root/trb/代码/../结果/table3_seed345.txt（partial → /root/trb/代码/../结果/step4e_partial_seed345.jsonl）
⭐ 把 结果/table3.txt 发我核对是否过 Phase 1 通过门（对齐 Krasowski）。
