=== step4e [FULL（非SMOKE；场景数看 N_TOTAL，非必=全2000）] | parties=['Continuous-safe'] | N_TOTAL=200 test_frac=0.3 | steps=5000000 seeds=[7] n_seg=10 n_envs=8 | ent_coef=0.01(恒定·关退火) clip_reward=10(默认) norm_reward=True(默认) ===
均衡数据集模式（manifest）：训练 94（head-on/crossing 94 + overtaking 0）+ 测试 40（head-on/crossing 40 + overtaking 0）← /root/trb/balanced_pool/manifest_hocr_200.json
实际可用：训练 94/94 / 测试 40/40
📋 静态元数据 → run_metadata_augRhoHOCRppo_s7.json（论文参数全记齐）

>>> Continuous-safe (env=continuous, colregs_weight=0.0) seed=7 训练中…
    [Continuous-safe seed7]   500000步 | 到达   0.0% 碰撞  0.0% 违规  1.38 紧急  9.4% 兜底  0.4% Ep  1304s
/root/miniconda3/lib/python3.10/site-packages/cvxpy/problems/problem.py:1539: UserWarning: Solution may be inaccurate. Try another solver, adjusting the solver settings, or solve with verbose=True for more information.
  warnings.warn(
/root/miniconda3/lib/python3.10/site-packages/cvxpy/problems/problem.py:1539: UserWarning: Solution may be inaccurate. Try another solver, adjusting the solver settings, or solve with verbose=True for more information.
  warnings.warn(
    [Continuous-safe seed7]  1000000步 | 到达   5.0% 碰撞  0.0% 违规  0.33 紧急  1.8% 兜底  0.3% Ep   698s
/root/miniconda3/lib/python3.10/site-packages/cvxpy/problems/problem.py:1539: UserWarning: Solution may be inaccurate. Try another solver, adjusting the solver settings, or solve with verbose=True for more information.
  warnings.warn(
/root/miniconda3/lib/python3.10/site-packages/cvxpy/problems/problem.py:1539: UserWarning: Solution may be inaccurate. Try another solver, adjusting the solver settings, or solve with verbose=True for more information.
  warnings.warn(
/root/miniconda3/lib/python3.10/site-packages/cvxpy/problems/problem.py:1539: UserWarning: Solution may be inaccurate. Try another solver, adjusting the solver settings, or solve with verbose=True for more information.
  warnings.warn(
    [Continuous-safe seed7]  1500000步 | 到达  32.5% 碰撞  0.0% 违规  0.40 紧急  2.7% 兜底  0.4% Ep   633s
/root/miniconda3/lib/python3.10/site-packages/cvxpy/problems/problem.py:1539: UserWarning: Solution may be inaccurate. Try another solver, adjusting the solver settings, or solve with verbose=True for more information.
  warnings.warn(
/root/miniconda3/lib/python3.10/site-packages/cvxpy/problems/problem.py:1539: UserWarning: Solution may be inaccurate. Try another solver, adjusting the solver settings, or solve with verbose=True for more information.
  warnings.warn(
/root/miniconda3/lib/python3.10/site-packages/cvxpy/problems/problem.py:1539: UserWarning: Solution may be inaccurate. Try another solver, adjusting the solver settings, or solve with verbose=True for more information.
  warnings.warn(
    [Continuous-safe seed7]  2000000步 | 到达  65.0% 碰撞  0.0% 违规  0.97 紧急  3.3% 兜底  0.2% Ep   562s
    [Continuous-safe seed7]  2500000步 | 到达  62.5% 碰撞  0.0% 违规  1.50 紧急  3.7% 兜底  0.2% Ep   603s
    [Continuous-safe seed7]  3000000步 | 到达  67.5% 碰撞  0.0% 违规  1.05 紧急  2.3% 兜底  0.3% Ep   552s
    [Continuous-safe seed7]  3500000步 | 到达  80.0% 碰撞  0.0% 违规  1.25 紧急  1.3% 兜底  0.3% Ep   537s
    [Continuous-safe seed7]  4000000步 | 到达  72.5% 碰撞  0.0% 违规  1.82 紧急  4.4% 兜底  0.2% Ep   568s
    [Continuous-safe seed7]  4500000步 | 到达  90.0% 碰撞  0.0% 违规  1.38 紧急  1.4% 兜底  0.2% Ep   554s
    [Continuous-safe seed7]  5000000步 | 到达 100.0% 碰撞  0.0% 违规  1.38 紧急  1.0% 兜底  0.1% Ep   527s
    [Continuous-safe seed7] ✅ 训练 21945s = 228 fps + 评估 325s（评估占 wall 2%；满量 3M 预计 3.7h/种子）

# step4e Table III [FULL（非SMOKE；场景数看 N_TOTAL，非必=全2000）] | N_TOTAL=200 70/30 选取=均衡数据集 manifest(manifest_hocr_200.json) | 实际 训练 94 / 测试 40 | steps=5000000 | seeds=[7] | 均值±样本std
# 四方同口径配方：同 env/场景/评估(ViolationCounter)/VecNormalize(obs+reward·clip 见下行配置)/gamma0.99；离散三方=MaskablePPO+ent_coef（配置见下行，03 D22/D25/L21）、Continuous-safe=SAC(ent_coef auto·无退火)+连续投影盾(丢 r_colregs·紧急步%两臂 pre-step rho_acting 同口径·另有「兜底步%」列见 jsonl，C2/L46)
# ent/clip/normR 配置：（旧记录未标 → 未知）
# 本次 run 耗时 22285s（续跑/并行场景非累计）

Party          |         到达率% |         碰撞率% |         违规/局 |         紧急步% |         Ep长s | seeds
------------------------------------------------------------------------------------------------
Base           | （未完成）
Rule-reward    | （未完成）
Discrete-safe  | （未完成）
Continuous-safe |    100.0±0.0 |      0.0±0.0 |    1.38±0.00 |      1.0±0.0 |        527±0 | 1

✅ 完成。Table III → /root/trb/代码/../结果/table3_augRhoHOCRppo_s7.txt（partial → /root/trb/代码/../结果/step4e_partial_augRhoHOCRppo_s7.jsonl）
⭐ 把 结果/table3.txt 发我核对是否过 Phase 1 通过门（对齐 Krasowski）。
