=== step4e [FULL（非SMOKE；场景数看 N_TOTAL，非必=全2000）] | parties=['Continuous-safe'] | N_TOTAL=200 test_frac=0.3 | steps=5000000 seeds=[1] n_seg=16 n_envs=8 | ent_coef=0.01(恒定·关退火) clip_reward=10(默认) norm_reward=True(默认) ===
分散抽样：训练 140 + held-out 测试 60（互不重叠、非尾块）→ 缓存 /root/trb/scenarios …
实际可用：训练 140/140 / 测试 60/60
📋 静态元数据 → run_metadata_diagPPO5M.json（论文参数全记齐）

>>> Continuous-safe (env=continuous, colregs_weight=0.0) seed=1 训练中…
    [Continuous-safe seed1]   312500步 | 到达   0.0% 碰撞  0.0% 违规  0.78 紧急  7.6% 兜底  0.2% Ep   978s
/root/miniconda3/lib/python3.10/site-packages/cvxpy/problems/problem.py:1539: UserWarning: Solution may be inaccurate. Try another solver, adjusting the solver settings, or solve with verbose=True for more information.
  warnings.warn(
/root/miniconda3/lib/python3.10/site-packages/cvxpy/problems/problem.py:1539: UserWarning: Solution may be inaccurate. Try another solver, adjusting the solver settings, or solve with verbose=True for more information.
  warnings.warn(
    [Continuous-safe seed1]   625000步 | 到达   3.3% 碰撞  0.0% 违规  0.50 紧急  1.8% 兜底  0.1% Ep   720s
/root/miniconda3/lib/python3.10/site-packages/cvxpy/problems/problem.py:1539: UserWarning: Solution may be inaccurate. Try another solver, adjusting the solver settings, or solve with verbose=True for more information.
  warnings.warn(
    [Continuous-safe seed1]   937500步 | 到达   6.7% 碰撞  0.0% 违规  0.43 紧急  0.9% 兜底  0.3% Ep   629s
    [Continuous-safe seed1]  1250000步 | 到达  10.0% 碰撞  0.0% 违规  0.62 紧急  2.3% 兜底  0.3% Ep   613s
/root/miniconda3/lib/python3.10/site-packages/cvxpy/problems/problem.py:1539: UserWarning: Solution may be inaccurate. Try another solver, adjusting the solver settings, or solve with verbose=True for more information.
  warnings.warn(
/root/miniconda3/lib/python3.10/site-packages/cvxpy/problems/problem.py:1539: UserWarning: Solution may be inaccurate. Try another solver, adjusting the solver settings, or solve with verbose=True for more information.
  warnings.warn(
/root/miniconda3/lib/python3.10/site-packages/cvxpy/problems/problem.py:1539: UserWarning: Solution may be inaccurate. Try another solver, adjusting the solver settings, or solve with verbose=True for more information.
  warnings.warn(
    [Continuous-safe seed1]  1562500步 | 到达  15.0% 碰撞  0.0% 违规  0.83 紧急  1.5% 兜底  0.2% Ep   593s
/root/miniconda3/lib/python3.10/site-packages/cvxpy/problems/problem.py:1539: UserWarning: Solution may be inaccurate. Try another solver, adjusting the solver settings, or solve with verbose=True for more information.
  warnings.warn(
    [Continuous-safe seed1]  1875000步 | 到达  23.3% 碰撞  0.0% 违规  1.13 紧急  4.0% 兜底  0.3% Ep   599s
/root/miniconda3/lib/python3.10/site-packages/cvxpy/problems/problem.py:1539: UserWarning: Solution may be inaccurate. Try another solver, adjusting the solver settings, or solve with verbose=True for more information.
  warnings.warn(
    [Continuous-safe seed1]  2187500步 | 到达  40.0% 碰撞  0.0% 违规  1.68 紧急  4.9% 兜底  0.3% Ep   583s
    [Continuous-safe seed1]  2500000步 | 到达  46.7% 碰撞  0.0% 违规  1.32 紧急  3.8% 兜底  0.4% Ep   579s
    [Continuous-safe seed1]  2812500步 | 到达  53.3% 碰撞  0.0% 违规  1.62 紧急  4.1% 兜底  0.3% Ep   570s
/root/miniconda3/lib/python3.10/site-packages/cvxpy/problems/problem.py:1539: UserWarning: Solution may be inaccurate. Try another solver, adjusting the solver settings, or solve with verbose=True for more information.
  warnings.warn(
    [Continuous-safe seed1]  3125000步 | 到达  46.7% 碰撞  1.7% 违规  1.77 紧急  4.8% 兜底  0.2% Ep   564s
    [Continuous-safe seed1]  3437500步 | 到达  68.3% 碰撞  0.0% 违规  1.58 紧急  5.0% 兜底  0.4% Ep   575s
    [Continuous-safe seed1]  3750000步 | 到达  65.0% 碰撞  0.0% 违规  1.30 紧急  3.8% 兜底  0.3% Ep   576s
    [Continuous-safe seed1]  4062500步 | 到达  66.7% 碰撞  0.0% 违规  1.70 紧急  3.7% 兜底  0.4% Ep   567s
    [Continuous-safe seed1]  4375000步 | 到达  88.3% 碰撞  0.0% 违规  1.72 紧急  4.3% 兜底  0.3% Ep   543s
    [Continuous-safe seed1]  4687500步 | 到达  91.7% 碰撞  0.0% 违规  1.63 紧急  3.9% 兜底  0.3% Ep   545s
    [Continuous-safe seed1]  5000000步 | 到达  86.7% 碰撞  1.7% 违规  1.82 紧急  5.3% 兜底  0.3% Ep   568s
    [Continuous-safe seed1] ✅ 训练 8493s = 589 fps + 评估 405s（评估占 wall 5%；满量 3M 预计 1.4h/种子）

# step4e Table III [FULL（非SMOKE；场景数看 N_TOTAL，非必=全2000）] | N_TOTAL=200 70/30 选取=strided跨全库(pool=2000) | 实际 训练 140 / 测试 60 | steps=5000000 | seeds=[1] | 均值±样本std
# 四方同口径配方：同 env/场景/评估(ViolationCounter)/VecNormalize(obs+reward·clip 见下行配置)/gamma0.99；离散三方=MaskablePPO+ent_coef（配置见下行，03 D22/D25/L21）、Continuous-safe=SAC(ent_coef auto·无退火)+连续投影盾(丢 r_colregs·紧急步%两臂 pre-step rho_acting 同口径·另有「兜底步%」列见 jsonl，C2/L46)
# ent/clip/normR 配置：（旧记录未标 → 未知）
# 本次 run 耗时 8906s（续跑/并行场景非累计）

Party          |         到达率% |         碰撞率% |         违规/局 |         紧急步% |         Ep长s | seeds
------------------------------------------------------------------------------------------------
Base           | （未完成）
Rule-reward    | （未完成）
Discrete-safe  | （未完成）
Continuous-safe |     86.7±0.0 |      1.7±0.0 |    1.82±0.00 |      5.3±0.0 |        568±0 | 1

✅ 完成。Table III → /root/trb/代码/../结果/table3_diagPPO5M.txt（partial → /root/trb/代码/../结果/step4e_partial_diagPPO5M.jsonl）
⭐ 把 结果/table3.txt 发我核对是否过 Phase 1 通过门（对齐 Krasowski）。
