=== step4e [FULL（非SMOKE；场景数看 N_TOTAL，非必=全2000）] | parties=['Continuous-safe'] | N_TOTAL=200 test_frac=0.3 | steps=5000000 seeds=[1] n_seg=10 n_envs=8 | ent_coef=0.01(恒定·关退火) clip_reward=10(默认) norm_reward=True(默认) ===
均衡数据集模式（manifest）：训练 94（head-on/crossing 94 + overtaking 0）+ 测试 40（head-on/crossing 40 + overtaking 0）← /root/trb/balanced_pool/manifest_hocr_200.json
实际可用：训练 94/94 / 测试 40/40
📋 静态元数据 → run_metadata_mpP7_ppo_s1.json（论文参数全记齐）

>>> Continuous-safe (env=continuous, colregs_weight=0.0) seed=1 训练中…
✅ 热启动源配置校验通过（sidecar 交集 20 键全等）: /root/trb/ws_src_multiparent/Continuous-safe_s7_L1rateON_ppo_s7
/root/miniconda3/lib/python3.10/site-packages/cvxpy/problems/problem.py:1539: UserWarning: Solution may be inaccurate. Try another solver, adjusting the solver settings, or solve with verbose=True for more information.
  warnings.warn(
/root/miniconda3/lib/python3.10/site-packages/cvxpy/problems/problem.py:1539: UserWarning: Solution may be inaccurate. Try another solver, adjusting the solver settings, or solve with verbose=True for more information.
  warnings.warn(
/root/miniconda3/lib/python3.10/site-packages/cvxpy/problems/problem.py:1539: UserWarning: Solution may be inaccurate. Try another solver, adjusting the solver settings, or solve with verbose=True for more information.
  warnings.warn(
/root/miniconda3/lib/python3.10/site-packages/cvxpy/problems/problem.py:1539: UserWarning: Solution may be inaccurate. Try another solver, adjusting the solver settings, or solve with verbose=True for more information.
  warnings.warn(
/root/miniconda3/lib/python3.10/site-packages/cvxpy/problems/problem.py:1539: UserWarning: Solution may be inaccurate. Try another solver, adjusting the solver settings, or solve with verbose=True for more information.
  warnings.warn(
/root/miniconda3/lib/python3.10/site-packages/cvxpy/problems/problem.py:1539: UserWarning: Solution may be inaccurate. Try another solver, adjusting the solver settings, or solve with verbose=True for more information.
  warnings.warn(
/root/miniconda3/lib/python3.10/site-packages/cvxpy/problems/problem.py:1539: UserWarning: Solution may be inaccurate. Try another solver, adjusting the solver settings, or solve with verbose=True for more information.
  warnings.warn(
/root/miniconda3/lib/python3.10/site-packages/cvxpy/problems/problem.py:1539: UserWarning: Solution may be inaccurate. Try another solver, adjusting the solver settings, or solve with verbose=True for more information.
  warnings.warn(
/root/miniconda3/lib/python3.10/site-packages/cvxpy/problems/problem.py:1539: UserWarning: Solution may be inaccurate. Try another solver, adjusting the solver settings, or solve with verbose=True for more information.
  warnings.warn(
    [Continuous-safe seed1]   500000步 | 到达  75.0% 碰撞  0.0% 违规  2.05 紧急  2.0% 兜底  0.3% Ep   542s
    [Continuous-safe seed1]  1000000步 | 到达  77.5% 碰撞  0.0% 违规  1.77 紧急  2.4% 兜底  0.2% Ep   535s
    [Continuous-safe seed1]  1500000步 | 到达  75.0% 碰撞  0.0% 违规  1.85 紧急  2.5% 兜底  0.4% Ep   537s
    [Continuous-safe seed1]  2000000步 | 到达  85.0% 碰撞  0.0% 违规  1.88 紧急  2.3% 兜底  0.2% Ep   528s
    [Continuous-safe seed1]  2500000步 | 到达  72.5% 碰撞  0.0% 违规  2.02 紧急  3.0% 兜底  0.2% Ep   542s
    [Continuous-safe seed1]  3000000步 | 到达  67.5% 碰撞  0.0% 违规  1.70 紧急  4.5% 兜底  0.3% Ep   555s
    [Continuous-safe seed1]  3500000步 | 到达  77.5% 碰撞  0.0% 违规  1.82 紧急  4.9% 兜底  0.2% Ep   552s
    [Continuous-safe seed1]  4000000步 | 到达  75.0% 碰撞  0.0% 违规  1.35 紧急  3.0% 兜底  0.2% Ep   543s
    [Continuous-safe seed1]  4500000步 | 到达  85.0% 碰撞  0.0% 违规  1.80 紧急  2.8% 兜底  0.4% Ep   531s
