=== step4e [FULL（非SMOKE；场景数看 N_TOTAL，非必=全2000）] | parties=['Continuous-safe'] | N_TOTAL=200 test_frac=0.3 | steps=5000000 seeds=[2] n_seg=10 n_envs=8 | ent_coef=0.01(恒定·关退火) clip_reward=10(默认) norm_reward=True(默认) ===
均衡数据集模式（manifest）：训练 94（head-on/crossing 94 + overtaking 0）+ 测试 40（head-on/crossing 40 + overtaking 0）← /root/trb/balanced_pool/manifest_hocr_200.json
实际可用：训练 94/94 / 测试 40/40
📋 静态元数据 → run_metadata_mpP7_ppo_s2.json（论文参数全记齐）

>>> Continuous-safe (env=continuous, colregs_weight=0.0) seed=2 训练中…
✅ 热启动源配置校验通过（sidecar 交集 20 键全等）: /root/trb/ws_src_multiparent/Continuous-safe_s7_L1rateON_ppo_s7
/root/miniconda3/lib/python3.10/site-packages/cvxpy/problems/problem.py:1539: UserWarning: Solution may be inaccurate. Try another solver, adjusting the solver settings, or solve with verbose=True for more information.
  warnings.warn(
/root/miniconda3/lib/python3.10/site-packages/cvxpy/problems/problem.py:1539: UserWarning: Solution may be inaccurate. Try another solver, adjusting the solver settings, or solve with verbose=True for more information.
  warnings.warn(
/root/miniconda3/lib/python3.10/site-packages/cvxpy/problems/problem.py:1539: UserWarning: Solution may be inaccurate. Try another solver, adjusting the solver settings, or solve with verbose=True for more information.
  warnings.warn(
/root/miniconda3/lib/python3.10/site-packages/cvxpy/problems/problem.py:1539: UserWarning: Solution may be inaccurate. Try another solver, adjusting the solver settings, or solve with verbose=True for more information.
  warnings.warn(
/root/miniconda3/lib/python3.10/site-packages/cvxpy/problems/problem.py:1539: UserWarning: Solution may be inaccurate. Try another solver, adjusting the solver settings, or solve with verbose=True for more information.
  warnings.warn(
/root/miniconda3/lib/python3.10/site-packages/cvxpy/problems/problem.py:1539: UserWarning: Solution may be inaccurate. Try another solver, adjusting the solver settings, or solve with verbose=True for more information.
  warnings.warn(
    [Continuous-safe seed2]   500000步 | 到达  72.5% 碰撞  0.0% 违规  1.73 紧急  2.6% 兜底  0.4% Ep   549s
/root/miniconda3/lib/python3.10/site-packages/cvxpy/problems/problem.py:1539: UserWarning: Solution may be inaccurate. Try another solver, adjusting the solver settings, or solve with verbose=True for more information.
  warnings.warn(
/root/miniconda3/lib/python3.10/site-packages/cvxpy/problems/problem.py:1539: UserWarning: Solution may be inaccurate. Try another solver, adjusting the solver settings, or solve with verbose=True for more information.
  warnings.warn(
    [Continuous-safe seed2]  1000000步 | 到达  77.5% 碰撞  0.0% 违规  1.55 紧急  1.4% 兜底  0.2% Ep   540s
    [Continuous-safe seed2]  1500000步 | 到达  85.0% 碰撞  0.0% 违规  1.60 紧急  2.1% 兜底  0.1% Ep   535s
    [Continuous-safe seed2]  2000000步 | 到达  85.0% 碰撞  0.0% 违规  1.68 紧急  2.8% 兜底  0.2% Ep   537s
    [Continuous-safe seed2]  2500000步 | 到达  85.0% 碰撞  0.0% 违规  1.93 紧急  4.9% 兜底  0.3% Ep   549s
    [Continuous-safe seed2]  3000000步 | 到达  75.0% 碰撞  0.0% 违规  2.38 紧急  3.2% 兜底  0.3% Ep   550s
    [Continuous-safe seed2]  3500000步 | 到达  72.5% 碰撞  0.0% 违规  2.20 紧急  3.3% 兜底  0.2% Ep   539s
    [Continuous-safe seed2]  4000000步 | 到达  82.5% 碰撞  0.0% 违规  2.30 紧急  5.7% 兜底  0.2% Ep   547s
    [Continuous-safe seed2]  4500000步 | 到达  80.0% 碰撞  0.0% 违规  2.00 紧急  4.5% 兜底  0.5% Ep   555s
