=== step4e [FULL（非SMOKE；场景数看 N_TOTAL，非必=全2000）] | parties=['Continuous-safe'] | N_TOTAL=200 test_frac=0.3 | steps=5000000 seeds=[1] n_seg=10 n_envs=8 | ent_coef=0.01(恒定·关退火) clip_reward=10(默认) norm_reward=True(默认) ===
均衡数据集模式（manifest）：训练 94（head-on/crossing 94 + overtaking 0）+ 测试 40（head-on/crossing 40 + overtaking 0）← /root/trb/balanced_pool/manifest_hocr_200.json
实际可用：训练 94/94 / 测试 40/40
📋 静态元数据 → run_metadata_mpP2_ppo_s1.json（论文参数全记齐）

>>> Continuous-safe (env=continuous, colregs_weight=0.0) seed=1 训练中…
✅ 热启动源配置校验通过（sidecar 交集 20 键全等）: /root/trb/ws_src_multiparent/Continuous-safe_s2_L1rateON_ppo_s2
/root/miniconda3/lib/python3.10/site-packages/cvxpy/problems/problem.py:1539: UserWarning: Solution may be inaccurate. Try another solver, adjusting the solver settings, or solve with verbose=True for more information.
  warnings.warn(
/root/miniconda3/lib/python3.10/site-packages/cvxpy/problems/problem.py:1539: UserWarning: Solution may be inaccurate. Try another solver, adjusting the solver settings, or solve with verbose=True for more information.
  warnings.warn(
/root/miniconda3/lib/python3.10/site-packages/cvxpy/problems/problem.py:1539: UserWarning: Solution may be inaccurate. Try another solver, adjusting the solver settings, or solve with verbose=True for more information.
  warnings.warn(
/root/miniconda3/lib/python3.10/site-packages/cvxpy/problems/problem.py:1539: UserWarning: Solution may be inaccurate. Try another solver, adjusting the solver settings, or solve with verbose=True for more information.
  warnings.warn(
/root/miniconda3/lib/python3.10/site-packages/cvxpy/problems/problem.py:1539: UserWarning: Solution may be inaccurate. Try another solver, adjusting the solver settings, or solve with verbose=True for more information.
  warnings.warn(
    [Continuous-safe seed1]   500000步 | 到达  82.5% 碰撞  0.0% 违规  1.57 紧急  1.3% 兜底  0.2% Ep   526s
/root/miniconda3/lib/python3.10/site-packages/cvxpy/problems/problem.py:1539: UserWarning: Solution may be inaccurate. Try another solver, adjusting the solver settings, or solve with verbose=True for more information.
  warnings.warn(
/root/miniconda3/lib/python3.10/site-packages/cvxpy/problems/problem.py:1539: UserWarning: Solution may be inaccurate. Try another solver, adjusting the solver settings, or solve with verbose=True for more information.
  warnings.warn(
/root/miniconda3/lib/python3.10/site-packages/cvxpy/problems/problem.py:1539: UserWarning: Solution may be inaccurate. Try another solver, adjusting the solver settings, or solve with verbose=True for more information.
  warnings.warn(
    [Continuous-safe seed1]  1000000步 | 到达  90.0% 碰撞  0.0% 违规  1.20 紧急  1.1% 兜底  0.1% Ep   512s
    [Continuous-safe seed1]  1500000步 | 到达  82.5% 碰撞  0.0% 违规  1.70 紧急  1.0% 兜底  0.2% Ep   528s
    [Continuous-safe seed1]  2000000步 | 到达  82.5% 碰撞  0.0% 违规  1.55 紧急  1.7% 兜底  0.2% Ep   531s
    [Continuous-safe seed1]  2500000步 | 到达  85.0% 碰撞  0.0% 违规  1.48 紧急  1.3% 兜底  0.2% Ep   535s
    [Continuous-safe seed1]  3000000步 | 到达  82.5% 碰撞  0.0% 违规  1.27 紧急  1.6% 兜底  0.1% Ep   554s
    [Continuous-safe seed1]  3500000步 | 到达  92.5% 碰撞  0.0% 违规  1.75 紧急  2.3% 兜底  0.2% Ep   523s
    [Continuous-safe seed1]  4000000步 | 到达  87.5% 碰撞  0.0% 违规  1.93 紧急  3.3% 兜底  0.4% Ep   534s
    [Continuous-safe seed1]  4500000步 | 到达  95.0% 碰撞  0.0% 违规  2.02 紧急  4.1% 兜底  0.4% Ep   529s
