=== step4e [FULL（全量）] | parties=['Base'] | N_TOTAL=200 test_frac=0.3 | steps=1200000 seeds=[2] n_seg=6 n_envs=8 | ent_coef=0.03→0.005@前60%步 clip_reward=10(默认) ===
⚠️ 检测到【SMOKE】模式进度文件 step4e_partial_smoke.jsonl（非当前模式）。当前 = FULL（全量），将写 step4e_partial_a03.jsonl。
   若你本想【续跑】那个 run：FULL 请改源码 SMOKE=False（推荐）或加 STEP4E_SMOKE=0 前缀。
分散抽样：训练 140 + held-out 测试 60（互不重叠、非尾块）→ 缓存 /tmp/trb_scenarios_pool …
实际可用：训练 140/140 / 测试 60/60
断点续跑：已完成 3 个 (party,seed)，跳过。

>>> Base (env=unshielded, colregs_weight=0.0) seed=2 训练中…
    [Base seed2]   200000步 | 到达  11.7% 碰撞  0.0% 违规  4.92 紧急  0.0% Ep   734s
    [Base seed2]   400000步 | 到达  60.0% 碰撞  3.3% 违规  3.68 紧急  0.0% Ep   562s
    [Base seed2]   600000步 | 到达  90.0% 碰撞  0.0% 违规  4.17 紧急  0.0% Ep   514s
    [Base seed2]   800000步 | 到达  88.3% 碰撞  6.7% 违规  3.88 紧急  0.0% Ep   496s
    [Base seed2]  1000000步 | 到达  90.0% 碰撞  3.3% 违规  3.50 紧急  0.0% Ep   498s
    [Base seed2]  1200000步 | 到达  93.3% 碰撞  6.7% 违规  3.95 紧急  0.0% Ep   486s
    [Base seed2] ✅ 训练 2723s = 441 fps + 评估 59s（评估占 wall 2%；满量 3M 训练预计 1.9h/方/种子）
      ⓘ L23 定核：评估占比高 = 单线程 eval 空转多核 → 降 NSEG / 减评估场景数比加核更直接

# step4e Table III [FULL（全量）] | N_TOTAL=200 70/30 | 实际 训练 140 / 测试 60 | steps=1200000 | seeds=[2] | 均值±样本std
# 三方同口径配方：VecNormalize(obs+reward) + ent_coef 熵退火（03 D22/D25/L21）；Continuous-safe(SAC)=Phase 3 不在此
# ent/clip 配置：ent 0.03→0.005@前0.6 / clip±10.0
# 本次 run 耗时 2794s（续跑/并行场景非累计）

Party          |         到达率% |         碰撞率% |         违规/局 |         紧急步% |         Ep长s | seeds
------------------------------------------------------------------------------------------------
Base           |     93.3±0.0 |      6.7±0.0 |    3.95±0.00 |            – |        486±0 | 1
Rule-reward    |     93.3±0.0 |      6.7±0.0 |    4.22±0.00 |            – |        484±0 | 1
Discrete-safe  | （未完成）

✅ 完成。Table III → /root/trb/代码/../结果/table3_a03.txt（partial → /root/trb/代码/../结果/step4e_partial_a03.jsonl）
⭐ 把 结果/table3.txt 发我核对是否过 Phase 1 通过门（对齐 Krasowski）。
