=== step4e [FULL（非SMOKE；场景数看 N_TOTAL，非必=全2000）] | parties=['Discrete-safe'] | N_TOTAL=200 test_frac=0.3 | steps=5000000 seeds=[2] n_seg=10 n_envs=8 | ent_coef=0.01(恒定·关退火) clip_reward=10(默认) norm_reward=True(默认) ===
均衡数据集模式（manifest）：训练 94（head-on/crossing 94 + overtaking 0）+ 测试 40（head-on/crossing 40 + overtaking 0）← /root/trb/balanced_pool/manifest_hocr_200.json
实际可用：训练 94/94 / 测试 40/40
📋 静态元数据 → run_metadata_b1discW200_s2.json（论文参数全记齐）

>>> Discrete-safe (env=shielded, colregs_weight=1.0) seed=2 训练中…
    [Discrete-safe seed2]   500000步 | 到达   2.5% 碰撞  0.0% 违规  0.45 紧急  5.1% Ep  1674s
    [Discrete-safe seed2]  1000000步 | 到达  20.0% 碰撞  0.0% 违规  0.60 紧急  2.2% Ep  1361s
    [Discrete-safe seed2]  1500000步 | 到达  37.5% 碰撞  0.0% 违规  1.10 紧急  1.8% Ep   916s
    [Discrete-safe seed2]  2000000步 | 到达  17.5% 碰撞  0.0% 违规  0.62 紧急  0.6% Ep  1476s
    [Discrete-safe seed2]  2500000步 | 到达  20.0% 碰撞  0.0% 违规  1.57 紧急  0.5% Ep  1423s
    [Discrete-safe seed2]  3000000步 | 到达  22.5% 碰撞  0.0% 违规  0.82 紧急  3.6% Ep  1409s
    [Discrete-safe seed2]  3500000步 | 到达  20.0% 碰撞  0.0% 违规  1.25 紧急  0.8% Ep  1386s
    [Discrete-safe seed2]  4000000步 | 到达  12.5% 碰撞  0.0% 违规  0.95 紧急  1.2% Ep  1530s
    [Discrete-safe seed2]  4500000步 | 到达   5.0% 碰撞  0.0% 违规  1.30 紧急  0.8% Ep  1626s
    [Discrete-safe seed2]  5000000步 | 到达   0.0% 碰撞  0.0% 违规  1.57 紧急  1.1% Ep  1700s
    [Discrete-safe seed2] ✅ 训练 19969s = 250 fps + 评估 539s（评估占 wall 3%；满量 3M 训练预计 3.3h/方/种子）
      ⓘ L23 定核：评估占比高 = 单线程 eval 空转多核 → 降 NSEG / 减评估场景数比加核更直接

# step4e Table III [FULL（非SMOKE；场景数看 N_TOTAL，非必=全2000）] | N_TOTAL=200 70/30 选取=均衡数据集 manifest(manifest_hocr_200.json) | 实际 训练 94 / 测试 40 | steps=5000000 | seeds=[2] | 均值±样本std
# 四方同口径配方：同 env/场景/评估(ViolationCounter)/VecNormalize(obs+reward·clip 见下行配置)/gamma0.99；离散三方=MaskablePPO+ent_coef（配置见下行，03 D22/D25/L21）、Continuous-safe=SAC(ent_coef auto·无退火)+连续投影盾(丢 r_colregs·紧急步%两臂 pre-step rho_acting 同口径·另有「兜底步%」列见 jsonl，C2/L46)
# ent/clip/normR 配置：ent 0.01→0.01@前0.6 / clip±10.0 / normR=True
# 本次 run 耗时 20532s（续跑/并行场景非累计）

Party          |         到达率% |         碰撞率% |         违规/局 |         紧急步% |         Ep长s | seeds
------------------------------------------------------------------------------------------------
Base           | （未完成）
Rule-reward    | （未完成）
Discrete-safe  |      0.0±0.0 |      0.0±0.0 |    1.57±0.00 |      1.1±0.0 |       1700±0 | 1
Continuous-safe | （未完成）

✅ 完成。Table III → /root/trb/代码/../结果/table3_b1discW200_s2.txt（partial → /root/trb/代码/../结果/step4e_partial_b1discW200_s2.jsonl）
⭐ 把 结果/table3.txt 发我核对是否过 Phase 1 通过门（对齐 Krasowski）。
