▶ s2 训练开始 · 近门 frac=0.2 v=6 · 1M步 · TAG=_probeRC_ppo_s2 · Tue Jul 14 00:04:50 CST 2026
=== step4e [FULL（非SMOKE；场景数看 N_TOTAL，非必=全2000）] | parties=['Continuous-safe'] | N_TOTAL=200 test_frac=0.3 | steps=1000000 seeds=[2] n_seg=20 n_envs=8 | ent_coef=0.01(恒定·关退火) clip_reward=10(默认) norm_reward=True(默认) ===
均衡数据集模式（manifest）：训练 94（head-on/crossing 94 + overtaking 0）+ 测试 40（head-on/crossing 40 + overtaking 0）← /root/trb/balanced_pool/manifest_hocr_200.json
实际可用：训练 94/94 / 测试 40/40
📋 静态元数据 → run_metadata_probeRC_ppo_s2.json（论文参数全记齐）

>>> Continuous-safe (env=continuous, colregs_weight=0.0) seed=2 训练中…
/root/miniconda3/lib/python3.10/site-packages/cvxpy/problems/problem.py:1539: UserWarning: Solution may be inaccurate. Try another solver, adjusting the solver settings, or solve with verbose=True for more information.
  warnings.warn(
    [Continuous-safe seed2]    50000步 | 到达   0.0% 碰撞  5.0% 违规  4.50 紧急 38.3% 兜底  0.8% Ep  1335s
/root/miniconda3/lib/python3.10/site-packages/cvxpy/problems/problem.py:1539: UserWarning: Solution may be inaccurate. Try another solver, adjusting the solver settings, or solve with verbose=True for more information.
  warnings.warn(
    [Continuous-safe seed2]   100000步 | 到达   0.0% 碰撞  0.0% 违规  4.70 紧急 28.1% 兜底  0.4% Ep  1265s
    [Continuous-safe seed2]   150000步 | 到达   0.0% 碰撞  0.0% 违规  4.15 紧急 36.0% 兜底  0.8% Ep  1324s
/root/miniconda3/lib/python3.10/site-packages/cvxpy/problems/problem.py:1539: UserWarning: Solution may be inaccurate. Try another solver, adjusting the solver settings, or solve with verbose=True for more information.
  warnings.warn(
    [Continuous-safe seed2]   200000步 | 到达   2.5% 碰撞  2.5% 违规  2.42 紧急 14.7% 兜底  0.7% Ep   957s
    [Continuous-safe seed2]   250000步 | 到达   0.0% 碰撞  5.0% 违规  2.38 紧急 26.2% 兜底  0.6% Ep  1056s
/root/miniconda3/lib/python3.10/site-packages/cvxpy/problems/problem.py:1539: UserWarning: Solution may be inaccurate. Try another solver, adjusting the solver settings, or solve with verbose=True for more information.
  warnings.warn(
    [Continuous-safe seed2]   300000步 | 到达   0.0% 碰撞  0.0% 违规  1.62 紧急 19.7% 兜底  0.5% Ep  1202s
    [Continuous-safe seed2]   350000步 | 到达   0.0% 碰撞  0.0% 违规  1.00 紧急 17.9% 兜底  0.8% Ep  1016s
/root/miniconda3/lib/python3.10/site-packages/cvxpy/problems/problem.py:1539: UserWarning: Solution may be inaccurate. Try another solver, adjusting the solver settings, or solve with verbose=True for more information.
  warnings.warn(
    [Continuous-safe seed2]   400000步 | 到达   0.0% 碰撞  0.0% 违规  0.62 紧急 15.2% 兜底  0.2% Ep  1166s
    [Continuous-safe seed2]   450000步 | 到达   0.0% 碰撞  0.0% 违规  0.82 紧急  9.6% 兜底  0.4% Ep  1118s
    [Continuous-safe seed2]   500000步 | 到达   0.0% 碰撞  0.0% 违规  0.45 紧急  1.6% 兜底  0.0% Ep   940s
    [Continuous-safe seed2]   550000步 | 到达   0.0% 碰撞  0.0% 违规  0.57 紧急  5.1% 兜底  0.0% Ep  1104s
/root/miniconda3/lib/python3.10/site-packages/cvxpy/problems/problem.py:1539: UserWarning: Solution may be inaccurate. Try another solver, adjusting the solver settings, or solve with verbose=True for more information.
  warnings.warn(
    [Continuous-safe seed2]   600000步 | 到达   0.0% 碰撞  0.0% 违规  0.57 紧急  1.0% 兜底  0.0% Ep   962s
    [Continuous-safe seed2]   650000步 | 到达   0.0% 碰撞  0.0% 违规  1.23 紧急  5.6% 兜底  0.2% Ep   971s
/root/miniconda3/lib/python3.10/site-packages/cvxpy/problems/problem.py:1539: UserWarning: Solution may be inaccurate. Try another solver, adjusting the solver settings, or solve with verbose=True for more information.
  warnings.warn(
    [Continuous-safe seed2]   700000步 | 到达   0.0% 碰撞  0.0% 违规  1.02 紧急  6.9% 兜底  0.1% Ep   903s
    [Continuous-safe seed2]   750000步 | 到达   0.0% 碰撞  0.0% 违规  1.07 紧急  6.9% 兜底  0.1% Ep   920s
    [Continuous-safe seed2]   800000步 | 到达   0.0% 碰撞  0.0% 违规  0.82 紧急  3.3% 兜底  0.1% Ep   926s
    [Continuous-safe seed2]   850000步 | 到达   0.0% 碰撞  0.0% 违规  0.40 紧急  3.2% 兜底  0.0% Ep   905s
    [Continuous-safe seed2]   900000步 | 到达   0.0% 碰撞  0.0% 违规  0.65 紧急  2.7% 兜底  0.1% Ep   879s
    [Continuous-safe seed2]   950000步 | 到达   0.0% 碰撞  0.0% 违规  0.65 紧急  2.3% 兜底  0.2% Ep   855s
    [Continuous-safe seed2]  1000000步 | 到达   0.0% 碰撞  0.0% 违规  0.85 紧急  4.1% 兜底  0.1% Ep   813s
    [Continuous-safe seed2] ✅ 训练 20400s = 49 fps + 评估 482s（评估占 wall 2%；满量 3M 预计 17.0h/种子）

# step4e Table III [FULL（非SMOKE；场景数看 N_TOTAL，非必=全2000）] | N_TOTAL=200 70/30 选取=均衡数据集 manifest(manifest_hocr_200.json) | 实际 训练 94 / 测试 40 | steps=1000000 | seeds=[2] | 均值±样本std
# 四方同口径配方：同 env/场景/评估(ViolationCounter)/VecNormalize(obs+reward·clip 见下行配置)/gamma0.99；离散三方=MaskablePPO+ent_coef（配置见下行，03 D22/D25/L21）、Continuous-safe=SAC(ent_coef auto·无退火)+连续投影盾(丢 r_colregs·紧急步%两臂 pre-step rho_acting 同口径·另有「兜底步%」列见 jsonl，C2/L46)
# ent/clip/normR 配置：（旧记录未标 → 未知）
# 本次 run 耗时 20891s（续跑/并行场景非累计）

Party          |         到达率% |         碰撞率% |         违规/局 |         紧急步% |         Ep长s | seeds
------------------------------------------------------------------------------------------------
Base           | （未完成）
Rule-reward    | （未完成）
Discrete-safe  | （未完成）
Continuous-safe |      0.0±0.0 |      0.0±0.0 |    0.85±0.00 |      4.1±0.0 |        813±0 | 1

✅ 完成。Table III → /root/trb/代码/../结果/table3_probeRC_ppo_s2.txt（partial → /root/trb/代码/../结果/step4e_partial_probeRC_ppo_s2.jsonl）
⭐ 把 结果/table3.txt 发我核对是否过 Phase 1 通过门（对齐 Krasowski）。
=== 训练结束·收产物 → /root/trb/结果/probeRC_s2 · Tue Jul 14 05:53:07 CST 2026 ===
'/root/trb/结果/checkpoints/Continuous-safe_s2_probeRC_ppo_s2.zip' -> '/root/trb/结果/probeRC_s2/Continuous-safe_s2_probeRC_ppo_s2.zip'
'/root/trb/结果/checkpoints/Continuous-safe_s2_probeRC_ppo_s2_vecnorm.pkl' -> '/root/trb/结果/probeRC_s2/Continuous-safe_s2_probeRC_ppo_s2_vecnorm.pkl'
'/root/trb/结果/checkpoints/Continuous-safe_s2_probeRC_ppo_s2.progress.json' -> '/root/trb/结果/probeRC_s2/Continuous-safe_s2_probeRC_ppo_s2.progress.json'
'/root/trb/结果/run_metadata_probeRC_ppo_s2.json' -> '/root/trb/结果/probeRC_s2/run_metadata_probeRC_ppo_s2.json'
'/root/trb/结果/step4e_partial_probeRC_ppo_s2.jsonl' -> '/root/trb/结果/probeRC_s2/step4e_partial_probeRC_ppo_s2.jsonl'
✅ s2 全部完成 · Tue Jul 14 05:53:07 CST 2026 · 文件夹 /root/trb/结果/probeRC_s2 自成一体(含 train.log + checkpoint 三件 + metadata)·可直接传回本地判读
