=== step4e [FULL（非SMOKE；场景数看 N_TOTAL，非必=全2000）] | parties=['Continuous-safe'] | N_TOTAL=200 test_frac=0.3 | steps=5000000 seeds=[2] n_seg=10 n_envs=8 | ent_coef=0.01(恒定·关退火) clip_reward=10(默认) norm_reward=True(默认) ===
  …下载 200/934（失败 0）
  …下载 400/934（失败 0）
  …下载 600/934（失败 0）
  …下载 800/934（失败 0）
均衡数据集模式（manifest）：训练 934（head-on/crossing 934 + overtaking 0）+ 测试 40（head-on/crossing 40 + overtaking 0）← /root/trb/balanced_pool/manifest_bigtr_hocr.json
实际可用：训练 934/934 / 测试 40/40
📋 静态元数据 → run_metadata_rateAnnHOCRppo_s2.json（论文参数全记齐）

>>> Continuous-safe (env=continuous, colregs_weight=0.0) seed=2 训练中…
/root/miniconda3/lib/python3.10/site-packages/cvxpy/problems/problem.py:1539: UserWarning: Solution may be inaccurate. Try another solver, adjusting the solver settings, or solve with verbose=True for more information.
  warnings.warn(
    [Continuous-safe seed2]   500000步 | 到达   0.0% 碰撞  0.0% 违规  0.28 紧急  2.5% 兜底  0.0% Ep  1421s
    [Continuous-safe seed2]  1000000步 | 到达   2.5% 碰撞  0.0% 违规  0.20 紧急  0.1% 兜底  0.0% Ep  1675s
    [Continuous-safe seed2]  1500000步 | 到达   2.5% 碰撞  0.0% 违规  0.88 紧急  5.1% 兜底  0.1% Ep   899s
    [Continuous-safe seed2]  2000000步 | 到达   5.0% 碰撞  0.0% 违规  1.02 紧急  3.9% 兜底  0.1% Ep   726s
    [Continuous-safe seed2]  2500000步 | 到达   0.0% 碰撞  0.0% 违规  0.90 紧急  2.0% 兜底  0.2% Ep   665s
/root/miniconda3/lib/python3.10/site-packages/cvxpy/problems/problem.py:1539: UserWarning: Solution may be inaccurate. Try another solver, adjusting the solver settings, or solve with verbose=True for more information.
  warnings.warn(
/root/miniconda3/lib/python3.10/site-packages/cvxpy/problems/problem.py:1539: UserWarning: Solution may be inaccurate. Try another solver, adjusting the solver settings, or solve with verbose=True for more information.
  warnings.warn(
    [Continuous-safe seed2]  3000000步 | 到达  10.0% 碰撞  0.0% 违规  1.27 紧急  4.2% 兜底  0.2% Ep   694s
/root/miniconda3/lib/python3.10/site-packages/cvxpy/problems/problem.py:1539: UserWarning: Solution may be inaccurate. Try another solver, adjusting the solver settings, or solve with verbose=True for more information.
  warnings.warn(
/root/miniconda3/lib/python3.10/site-packages/cvxpy/problems/problem.py:1539: UserWarning: Solution may be inaccurate. Try another solver, adjusting the solver settings, or solve with verbose=True for more information.
  warnings.warn(
    [Continuous-safe seed2]  3500000步 | 到达  30.0% 碰撞  0.0% 违规  1.18 紧急  3.1% 兜底  0.4% Ep   594s
/root/miniconda3/lib/python3.10/site-packages/cvxpy/problems/problem.py:1539: UserWarning: Solution may be inaccurate. Try another solver, adjusting the solver settings, or solve with verbose=True for more information.
  warnings.warn(
/root/miniconda3/lib/python3.10/site-packages/cvxpy/problems/problem.py:1539: UserWarning: Solution may be inaccurate. Try another solver, adjusting the solver settings, or solve with verbose=True for more information.
  warnings.warn(
    [Continuous-safe seed2]  4000000步 | 到达  60.0% 碰撞  0.0% 违规  0.60 紧急  2.7% 兜底  0.5% Ep   612s
/root/miniconda3/lib/python3.10/site-packages/cvxpy/problems/problem.py:1539: UserWarning: Solution may be inaccurate. Try another solver, adjusting the solver settings, or solve with verbose=True for more information.
  warnings.warn(
    [Continuous-safe seed2]  4500000步 | 到达  77.5% 碰撞  0.0% 违规  0.85 紧急  3.1% 兜底  0.2% Ep   602s
    [Continuous-safe seed2]  5000000步 | 到达  70.0% 碰撞  0.0% 违规  0.97 紧急  2.0% 兜底  0.3% Ep   568s
    [Continuous-safe seed2] ✅ 训练 22157s = 226 fps + 评估 500s（评估占 wall 2%；满量 3M 预计 3.7h/种子）

# step4e Table III [FULL（非SMOKE；场景数看 N_TOTAL，非必=全2000）] | N_TOTAL=200 70/30 选取=均衡数据集 manifest(manifest_bigtr_hocr.json) | 实际 训练 934 / 测试 40 | steps=5000000 | seeds=[2] | 均值±样本std
# 四方同口径配方：同 env/场景/评估(ViolationCounter)/VecNormalize(obs+reward·clip 见下行配置)/gamma0.99；离散三方=MaskablePPO+ent_coef（配置见下行，03 D22/D25/L21）、Continuous-safe=SAC(ent_coef auto·无退火)+连续投影盾(丢 r_colregs·紧急步%两臂 pre-step rho_acting 同口径·另有「兜底步%」列见 jsonl，C2/L46)
# ent/clip/normR 配置：（旧记录未标 → 未知）
# 本次 run 耗时 22723s（续跑/并行场景非累计）

Party          |         到达率% |         碰撞率% |         违规/局 |         紧急步% |         Ep长s | seeds
------------------------------------------------------------------------------------------------
Base           | （未完成）
Rule-reward    | （未完成）
Discrete-safe  | （未完成）
Continuous-safe |     70.0±0.0 |      0.0±0.0 |    0.97±0.00 |      2.0±0.0 |        568±0 | 1

✅ 完成。Table III → /root/trb/代码/../结果/table3_rateAnnHOCRppo_s2.txt（partial → /root/trb/代码/../结果/step4e_partial_rateAnnHOCRppo_s2.jsonl）
⭐ 把 结果/table3.txt 发我核对是否过 Phase 1 通过门（对齐 Krasowski）。
