=== step4e [FULL（非SMOKE；场景数看 N_TOTAL，非必=全2000）] | parties=['Continuous-safe'] | N_TOTAL=200 test_frac=0.3 | steps=5000000 seeds=[1] n_seg=10 n_envs=8 | ent_coef=0.01(恒定·关退火) clip_reward=10(默认) norm_reward=True(默认) ===
  …下载 200/934（失败 0）
  …下载 400/934（失败 0）
  …下载 600/934（失败 0）
  …下载 800/934（失败 0）
均衡数据集模式（manifest）：训练 934（head-on/crossing 934 + overtaking 0）+ 测试 40（head-on/crossing 40 + overtaking 0）← /root/trb/balanced_pool/manifest_bigtr_hocr.json
实际可用：训练 934/934 / 测试 40/40
📋 静态元数据 → run_metadata_rateAnnHOCRppo_s1.json（论文参数全记齐）

>>> Continuous-safe (env=continuous, colregs_weight=0.0) seed=1 训练中…
/root/miniconda3/lib/python3.10/site-packages/cvxpy/problems/problem.py:1539: UserWarning: Solution may be inaccurate. Try another solver, adjusting the solver settings, or solve with verbose=True for more information.
  warnings.warn(
/root/miniconda3/lib/python3.10/site-packages/cvxpy/problems/problem.py:1539: UserWarning: Solution may be inaccurate. Try another solver, adjusting the solver settings, or solve with verbose=True for more information.
  warnings.warn(
/root/miniconda3/lib/python3.10/site-packages/cvxpy/problems/problem.py:1539: UserWarning: Solution may be inaccurate. Try another solver, adjusting the solver settings, or solve with verbose=True for more information.
  warnings.warn(
    [Continuous-safe seed1]   500000步 | 到达   0.0% 碰撞  0.0% 违规  2.45 紧急  8.9% 兜底  0.4% Ep   844s
/root/miniconda3/lib/python3.10/site-packages/cvxpy/problems/problem.py:1539: UserWarning: Solution may be inaccurate. Try another solver, adjusting the solver settings, or solve with verbose=True for more information.
  warnings.warn(
/root/miniconda3/lib/python3.10/site-packages/cvxpy/problems/problem.py:1539: UserWarning: Solution may be inaccurate. Try another solver, adjusting the solver settings, or solve with verbose=True for more information.
  warnings.warn(
/root/miniconda3/lib/python3.10/site-packages/cvxpy/problems/problem.py:1539: UserWarning: Solution may be inaccurate. Try another solver, adjusting the solver settings, or solve with verbose=True for more information.
  warnings.warn(
/root/miniconda3/lib/python3.10/site-packages/cvxpy/problems/problem.py:1539: UserWarning: Solution may be inaccurate. Try another solver, adjusting the solver settings, or solve with verbose=True for more information.
  warnings.warn(
    [Continuous-safe seed1]  1000000步 | 到达  10.0% 碰撞  0.0% 违规  0.30 紧急  0.7% 兜底  0.8% Ep   706s
    [Continuous-safe seed1]  1500000步 | 到达   5.0% 碰撞  0.0% 违规  0.23 紧急  0.6% 兜底  0.0% Ep   617s
/root/miniconda3/lib/python3.10/site-packages/cvxpy/problems/problem.py:1539: UserWarning: Solution may be inaccurate. Try another solver, adjusting the solver settings, or solve with verbose=True for more information.
  warnings.warn(
/root/miniconda3/lib/python3.10/site-packages/cvxpy/problems/problem.py:1539: UserWarning: Solution may be inaccurate. Try another solver, adjusting the solver settings, or solve with verbose=True for more information.
  warnings.warn(
    [Continuous-safe seed1]  2000000步 | 到达   7.5% 碰撞  0.0% 违规  0.82 紧急  3.7% 兜底  0.2% Ep   632s
    [Continuous-safe seed1]  2500000步 | 到达  15.0% 碰撞  0.0% 违规  0.70 紧急  3.0% 兜底  0.2% Ep   614s
    [Continuous-safe seed1]  3000000步 | 到达  42.5% 碰撞  0.0% 违规  0.78 紧急  4.9% 兜底  0.1% Ep   622s
    [Continuous-safe seed1]  3500000步 | 到达  52.5% 碰撞  0.0% 违规  0.88 紧急  2.4% 兜底  0.1% Ep   574s
    [Continuous-safe seed1]  4000000步 | 到达  27.5% 碰撞  0.0% 违规  0.65 紧急  2.2% 兜底  0.0% Ep   602s
/root/miniconda3/lib/python3.10/site-packages/cvxpy/problems/problem.py:1539: UserWarning: Solution may be inaccurate. Try another solver, adjusting the solver settings, or solve with verbose=True for more information.
  warnings.warn(
    [Continuous-safe seed1]  4500000步 | 到达  37.5% 碰撞  0.0% 违规  0.72 紧急  1.8% 兜底  0.2% Ep   597s
    [Continuous-safe seed1]  5000000步 | 到达  62.5% 碰撞  0.0% 违规  0.95 紧急  1.0% 兜底  0.3% Ep   553s
    [Continuous-safe seed1] ✅ 训练 22378s = 223 fps + 评估 394s（评估占 wall 2%；满量 3M 预计 3.7h/种子）

# step4e Table III [FULL（非SMOKE；场景数看 N_TOTAL，非必=全2000）] | N_TOTAL=200 70/30 选取=均衡数据集 manifest(manifest_bigtr_hocr.json) | 实际 训练 934 / 测试 40 | steps=5000000 | seeds=[1] | 均值±样本std
# 四方同口径配方：同 env/场景/评估(ViolationCounter)/VecNormalize(obs+reward·clip 见下行配置)/gamma0.99；离散三方=MaskablePPO+ent_coef（配置见下行，03 D22/D25/L21）、Continuous-safe=SAC(ent_coef auto·无退火)+连续投影盾(丢 r_colregs·紧急步%两臂 pre-step rho_acting 同口径·另有「兜底步%」列见 jsonl，C2/L46)
# ent/clip/normR 配置：（旧记录未标 → 未知）
# 本次 run 耗时 22835s（续跑/并行场景非累计）

Party          |         到达率% |         碰撞率% |         违规/局 |         紧急步% |         Ep长s | seeds
------------------------------------------------------------------------------------------------
Base           | （未完成）
Rule-reward    | （未完成）
Discrete-safe  | （未完成）
Continuous-safe |     62.5±0.0 |      0.0±0.0 |    0.95±0.00 |      1.0±0.0 |        553±0 | 1

✅ 完成。Table III → /root/trb/代码/../结果/table3_rateAnnHOCRppo_s1.txt（partial → /root/trb/代码/../结果/step4e_partial_rateAnnHOCRppo_s1.jsonl）
⭐ 把 结果/table3.txt 发我核对是否过 Phase 1 通过门（对齐 Krasowski）。
