=== step4e [FULL（非SMOKE；场景数看 N_TOTAL，非必=全2000）] | parties=['Continuous-safe'] | N_TOTAL=200 test_frac=0.3 | steps=5000000 seeds=[8] n_seg=10 n_envs=8 | ent_coef=0.01(恒定·关退火) clip_reward=10(默认) norm_reward=True(默认) ===
均衡数据集模式（manifest）：训练 94（head-on/crossing 94 + overtaking 0）+ 测试 40（head-on/crossing 40 + overtaking 0）← /root/trb/balanced_pool/manifest_hocr_200.json
实际可用：训练 94/94 / 测试 40/40
📋 静态元数据 → run_metadata_L1rateON_ppo_s8.json（论文参数全记齐）

>>> Continuous-safe (env=continuous, colregs_weight=0.0) seed=8 训练中…
/root/miniconda3/lib/python3.10/site-packages/cvxpy/problems/problem.py:1539: UserWarning: Solution may be inaccurate. Try another solver, adjusting the solver settings, or solve with verbose=True for more information.
  warnings.warn(
    [Continuous-safe seed8]   500000步 | 到达   2.5% 碰撞  0.0% 违规  3.17 紧急 16.1% 兜底  1.0% Ep  1120s
/root/miniconda3/lib/python3.10/site-packages/cvxpy/problems/problem.py:1539: UserWarning: Solution may be inaccurate. Try another solver, adjusting the solver settings, or solve with verbose=True for more information.
  warnings.warn(
/root/miniconda3/lib/python3.10/site-packages/cvxpy/problems/problem.py:1539: UserWarning: Solution may be inaccurate. Try another solver, adjusting the solver settings, or solve with verbose=True for more information.
  warnings.warn(
/root/miniconda3/lib/python3.10/site-packages/cvxpy/problems/problem.py:1539: UserWarning: Solution may be inaccurate. Try another solver, adjusting the solver settings, or solve with verbose=True for more information.
  warnings.warn(
/root/miniconda3/lib/python3.10/site-packages/cvxpy/problems/problem.py:1539: UserWarning: Solution may be inaccurate. Try another solver, adjusting the solver settings, or solve with verbose=True for more information.
  warnings.warn(
/root/miniconda3/lib/python3.10/site-packages/cvxpy/problems/problem.py:1539: UserWarning: Solution may be inaccurate. Try another solver, adjusting the solver settings, or solve with verbose=True for more information.
  warnings.warn(
/root/miniconda3/lib/python3.10/site-packages/cvxpy/problems/problem.py:1539: UserWarning: Solution may be inaccurate. Try another solver, adjusting the solver settings, or solve with verbose=True for more information.
  warnings.warn(
    [Continuous-safe seed8]  1000000步 | 到达   0.0% 碰撞  0.0% 违规  1.27 紧急  4.2% 兜底  0.9% Ep   897s
    [Continuous-safe seed8]  1500000步 | 到达   0.0% 碰撞  0.0% 违规  1.05 紧急  4.7% 兜底  0.7% Ep   804s
/root/miniconda3/lib/python3.10/site-packages/cvxpy/problems/problem.py:1539: UserWarning: Solution may be inaccurate. Try another solver, adjusting the solver settings, or solve with verbose=True for more information.
  warnings.warn(
    [Continuous-safe seed8]  2000000步 | 到达   0.0% 碰撞  0.0% 违规  0.68 紧急  2.8% 兜底  0.6% Ep   719s
    [Continuous-safe seed8]  2500000步 | 到达  10.0% 碰撞  0.0% 违规  1.05 紧急  3.7% 兜底  0.1% Ep   625s
    [Continuous-safe seed8]  3000000步 | 到达  37.5% 碰撞  0.0% 违规  1.15 紧急  2.8% 兜底  0.1% Ep   591s
/root/miniconda3/lib/python3.10/site-packages/cvxpy/problems/problem.py:1539: UserWarning: Solution may be inaccurate. Try another solver, adjusting the solver settings, or solve with verbose=True for more information.
  warnings.warn(
    [Continuous-safe seed8]  3500000步 | 到达  27.5% 碰撞  0.0% 违规  1.52 紧急  2.9% 兜底  0.2% Ep   608s
    [Continuous-safe seed8]  4000000步 | 到达  65.0% 碰撞  0.0% 违规  1.60 紧急  1.8% 兜底  0.2% Ep   624s
    [Continuous-safe seed8]  4500000步 | 到达  62.5% 碰撞  0.0% 违规  1.43 紧急  3.1% 兜底  0.3% Ep   586s
    [Continuous-safe seed8]  5000000步 | 到达  70.0% 碰撞  0.0% 违规  1.65 紧急  2.7% 兜底  0.4% Ep   554s
    [Continuous-safe seed8] ✅ 训练 16781s = 298 fps + 评估 287s（评估占 wall 2%；满量 3M 预计 2.8h/种子）

# step4e Table III [FULL（非SMOKE；场景数看 N_TOTAL，非必=全2000）] | N_TOTAL=200 70/30 选取=均衡数据集 manifest(manifest_hocr_200.json) | 实际 训练 94 / 测试 40 | steps=5000000 | seeds=[8] | 均值±样本std
# 四方同口径配方：同 env/场景/评估(ViolationCounter)/VecNormalize(obs+reward·clip 见下行配置)/gamma0.99；离散三方=MaskablePPO+ent_coef（配置见下行，03 D22/D25/L21）、Continuous-safe=SAC(ent_coef auto·无退火)+连续投影盾(丢 r_colregs·紧急步%两臂 pre-step rho_acting 同口径·另有「兜底步%」列见 jsonl，C2/L46)
# ent/clip/normR 配置：（旧记录未标 → 未知）
# 本次 run 耗时 17087s（续跑/并行场景非累计）

Party          |         到达率% |         碰撞率% |         违规/局 |         紧急步% |         Ep长s | seeds
------------------------------------------------------------------------------------------------
Base           | （未完成）
Rule-reward    | （未完成）
Discrete-safe  | （未完成）
Continuous-safe |     70.0±0.0 |      0.0±0.0 |    1.65±0.00 |      2.7±0.0 |        554±0 | 1

✅ 完成。Table III → /root/trb/代码/../结果/table3_L1rateON_ppo_s8.txt（partial → /root/trb/代码/../结果/step4e_partial_L1rateON_ppo_s8.jsonl）
⭐ 把 结果/table3.txt 发我核对是否过 Phase 1 通过门（对齐 Krasowski）。
