=== step4e [FULL（非SMOKE；场景数看 N_TOTAL，非必=全2000）] | parties=['Continuous-safe'] | N_TOTAL=200 test_frac=0.3 | steps=5000000 seeds=[9] n_seg=10 n_envs=8 | ent_coef=0.01(恒定·关退火) clip_reward=10(默认) norm_reward=True(默认) ===
均衡数据集模式（manifest）：训练 94（head-on/crossing 94 + overtaking 0）+ 测试 40（head-on/crossing 40 + overtaking 0）← /root/trb/balanced_pool/manifest_hocr_200.json
实际可用：训练 94/94 / 测试 40/40
📋 静态元数据 → run_metadata_L1rateON_ppo_s9.json（论文参数全记齐）

>>> Continuous-safe (env=continuous, colregs_weight=0.0) seed=9 训练中…
/root/miniconda3/lib/python3.10/site-packages/cvxpy/problems/problem.py:1539: UserWarning: Solution may be inaccurate. Try another solver, adjusting the solver settings, or solve with verbose=True for more information.
  warnings.warn(
    [Continuous-safe seed9]   500000步 | 到达   0.0% 碰撞  0.0% 违规  0.33 紧急  1.6% 兜底  0.0% Ep  1193s
/root/miniconda3/lib/python3.10/site-packages/cvxpy/problems/problem.py:1539: UserWarning: Solution may be inaccurate. Try another solver, adjusting the solver settings, or solve with verbose=True for more information.
  warnings.warn(
/root/miniconda3/lib/python3.10/site-packages/cvxpy/problems/problem.py:1539: UserWarning: Solution may be inaccurate. Try another solver, adjusting the solver settings, or solve with verbose=True for more information.
  warnings.warn(
    [Continuous-safe seed9]  1000000步 | 到达   7.5% 碰撞  0.0% 违规  2.10 紧急  6.1% 兜底  0.4% Ep   881s
/root/miniconda3/lib/python3.10/site-packages/cvxpy/problems/problem.py:1539: UserWarning: Solution may be inaccurate. Try another solver, adjusting the solver settings, or solve with verbose=True for more information.
  warnings.warn(
/root/miniconda3/lib/python3.10/site-packages/cvxpy/problems/problem.py:1539: UserWarning: Solution may be inaccurate. Try another solver, adjusting the solver settings, or solve with verbose=True for more information.
  warnings.warn(
    [Continuous-safe seed9]  1500000步 | 到达  30.0% 碰撞  0.0% 违规  1.62 紧急  4.1% 兜底  0.1% Ep   788s
/root/miniconda3/lib/python3.10/site-packages/cvxpy/problems/problem.py:1539: UserWarning: Solution may be inaccurate. Try another solver, adjusting the solver settings, or solve with verbose=True for more information.
  warnings.warn(
/root/miniconda3/lib/python3.10/site-packages/cvxpy/problems/problem.py:1539: UserWarning: Solution may be inaccurate. Try another solver, adjusting the solver settings, or solve with verbose=True for more information.
  warnings.warn(
/root/miniconda3/lib/python3.10/site-packages/cvxpy/problems/problem.py:1539: UserWarning: Solution may be inaccurate. Try another solver, adjusting the solver settings, or solve with verbose=True for more information.
  warnings.warn(
    [Continuous-safe seed9]  2000000步 | 到达  20.0% 碰撞  0.0% 违规  1.48 紧急  3.8% 兜底  0.5% Ep   703s
    [Continuous-safe seed9]  2500000步 | 到达  37.5% 碰撞  0.0% 违规  1.68 紧急  2.0% 兜底  0.6% Ep   683s
    [Continuous-safe seed9]  3000000步 | 到达  40.0% 碰撞  0.0% 违规  1.75 紧急  4.1% 兜底  0.6% Ep   632s
    [Continuous-safe seed9]  3500000步 | 到达  65.0% 碰撞  0.0% 违规  0.60 紧急  0.0% 兜底  0.2% Ep   552s
    [Continuous-safe seed9]  4000000步 | 到达  75.0% 碰撞  0.0% 违规  0.65 紧急  2.3% 兜底  0.4% Ep   586s
    [Continuous-safe seed9]  4500000步 | 到达  90.0% 碰撞  0.0% 违规  0.90 紧急  0.5% 兜底  0.3% Ep   528s
    [Continuous-safe seed9]  5000000步 | 到达  87.5% 碰撞  0.0% 违规  1.30 紧急  0.5% 兜底  0.3% Ep   536s
    [Continuous-safe seed9] ✅ 训练 16682s = 300 fps + 评估 284s（评估占 wall 2%；满量 3M 预计 2.8h/种子）

# step4e Table III [FULL（非SMOKE；场景数看 N_TOTAL，非必=全2000）] | N_TOTAL=200 70/30 选取=均衡数据集 manifest(manifest_hocr_200.json) | 实际 训练 94 / 测试 40 | steps=5000000 | seeds=[9] | 均值±样本std
# 四方同口径配方：同 env/场景/评估(ViolationCounter)/VecNormalize(obs+reward·clip 见下行配置)/gamma0.99；离散三方=MaskablePPO+ent_coef（配置见下行，03 D22/D25/L21）、Continuous-safe=SAC(ent_coef auto·无退火)+连续投影盾(丢 r_colregs·紧急步%两臂 pre-step rho_acting 同口径·另有「兜底步%」列见 jsonl，C2/L46)
# ent/clip/normR 配置：（旧记录未标 → 未知）
# 本次 run 耗时 16985s（续跑/并行场景非累计）

Party          |         到达率% |         碰撞率% |         违规/局 |         紧急步% |         Ep长s | seeds
------------------------------------------------------------------------------------------------
Base           | （未完成）
Rule-reward    | （未完成）
Discrete-safe  | （未完成）
Continuous-safe |     87.5±0.0 |      0.0±0.0 |    1.30±0.00 |      0.5±0.0 |        536±0 | 1

✅ 完成。Table III → /root/trb/代码/../结果/table3_L1rateON_ppo_s9.txt（partial → /root/trb/代码/../结果/step4e_partial_L1rateON_ppo_s9.jsonl）
⭐ 把 结果/table3.txt 发我核对是否过 Phase 1 通过门（对齐 Krasowski）。
