=== step4e [FULL（非SMOKE；场景数看 N_TOTAL，非必=全2000）] | parties=['Discrete-safe'] | N_TOTAL=200 test_frac=0.3 | steps=3000000 seeds=[0] n_seg=6 n_envs=8 | ent_coef=0.01(恒定·关退火) clip_reward=10(默认) norm_reward=True(默认) ===
分散抽样：训练 140 + held-out 测试 60（互不重叠、非尾块）→ 缓存 /root/trb/scenarios …
实际可用：训练 140/140 / 测试 60/60
📋 静态元数据 → run_metadata_diagDisc01_s0.json（论文参数全记齐）

>>> Discrete-safe (env=shielded, colregs_weight=1.0) seed=0 训练中…
    [Discrete-safe seed0]   500000步 | 到达  23.3% 碰撞  1.7% 违规  1.73 紧急  8.9% Ep   881s
    [Discrete-safe seed0]  1000000步 | 到达  68.3% 碰撞  0.0% 违规  0.78 紧急  5.0% Ep   655s
    [Discrete-safe seed0]  1500000步 | 到达  78.3% 碰撞  0.0% 违规  1.52 紧急  4.9% Ep   590s
    [Discrete-safe seed0]  2000000步 | 到达  81.7% 碰撞  0.0% 违规  2.08 紧急  4.4% Ep   565s
    [Discrete-safe seed0]  2500000步 | 到达  90.0% 碰撞  0.0% 违规  1.82 紧急  5.2% Ep   564s
    [Discrete-safe seed0]  3000000步 | 到达  93.3% 碰撞  0.0% 违规  1.63 紧急  3.5% Ep   551s
    [Discrete-safe seed0] ✅ 训练 10686s = 281 fps + 评估 168s（评估占 wall 2%；满量 3M 训练预计 3.0h/方/种子）
      ⓘ L23 定核：评估占比高 = 单线程 eval 空转多核 → 降 NSEG / 减评估场景数比加核更直接

# step4e Table III [FULL（非SMOKE；场景数看 N_TOTAL，非必=全2000）] | N_TOTAL=200 70/30 选取=strided跨全库(pool=2000) | 实际 训练 140 / 测试 60 | steps=3000000 | seeds=[0] | 均值±样本std
# 四方同口径配方：同 env/场景/评估(ViolationCounter)/VecNormalize(obs+reward·clip 见下行配置)/gamma0.99；离散三方=MaskablePPO+ent_coef（配置见下行，03 D22/D25/L21）、Continuous-safe=SAC(ent_coef auto·无退火)+连续投影盾(丢 r_colregs·紧急步%两臂 pre-step rho_acting 同口径·另有「兜底步%」列见 jsonl，C2/L46)
# ent/clip/normR 配置：ent 0.01→0.01@前0.6 / clip±10.0 / normR=True
# 本次 run 耗时 10865s（续跑/并行场景非累计）

Party          |         到达率% |         碰撞率% |         违规/局 |         紧急步% |         Ep长s | seeds
------------------------------------------------------------------------------------------------
Base           | （未完成）
Rule-reward    | （未完成）
Discrete-safe  |     93.3±0.0 |      0.0±0.0 |    1.63±0.00 |      3.5±0.0 |        551±0 | 1
Continuous-safe | （未完成）

✅ 完成。Table III → /root/trb/代码/../结果/table3_diagDisc01_s0.txt（partial → /root/trb/代码/../结果/step4e_partial_diagDisc01_s0.jsonl）
⭐ 把 结果/table3.txt 发我核对是否过 Phase 1 通过门（对齐 Krasowski）。
