=== step4e [FULL（非SMOKE；场景数看 N_TOTAL，非必=全2000）] | parties=['Continuous-safe'] | N_TOTAL=200 test_frac=0.3 | steps=5000000 seeds=[3] n_seg=20 n_envs=8 | ent_coef=0.01(恒定·关退火) clip_reward=10(默认) norm_reward=True(默认) ===
分散抽样：训练 140 + held-out 测试 60（互不重叠、非尾块）→ 缓存 /root/trb/scenarios …
实际可用：训练 140/140 / 测试 60/60
📋 静态元数据 → run_metadata_diagSACutd1_s3.json（论文参数全记齐）

>>> Continuous-safe (env=continuous, colregs_weight=0.0) seed=3 训练中…
    [Continuous-safe seed3]   250000步 | 到达   0.0% 碰撞  0.0% 违规  1.65 紧急  4.5% 兜底  0.0% Ep   395s
/root/miniconda3/lib/python3.10/site-packages/cvxpy/problems/problem.py:1539: UserWarning: Solution may be inaccurate. Try another solver, adjusting the solver settings, or solve with verbose=True for more information.
  warnings.warn(
    [Continuous-safe seed3]   500000步 | 到达   0.0% 碰撞  0.0% 违规  0.47 紧急  1.7% 兜底  0.0% Ep   389s
    [Continuous-safe seed3]   750000步 | 到达   3.3% 碰撞  0.0% 违规  0.28 紧急  1.8% 兜底  0.0% Ep   462s
    [Continuous-safe seed3]  1000000步 | 到达   0.0% 碰撞  0.0% 违规  0.80 紧急  2.3% 兜底  0.1% Ep   467s
    [Continuous-safe seed3]  1250000步 | 到达   0.0% 碰撞  0.0% 违规  0.67 紧急  1.6% 兜底  0.1% Ep   536s
/root/miniconda3/lib/python3.10/site-packages/cvxpy/problems/problem.py:1539: UserWarning: Solution may be inaccurate. Try another solver, adjusting the solver settings, or solve with verbose=True for more information.
  warnings.warn(
    [Continuous-safe seed3]  1500000步 | 到达   0.0% 碰撞  0.0% 违规  0.78 紧急  2.8% 兜底  0.3% Ep   585s
    [Continuous-safe seed3]  1750000步 | 到达   0.0% 碰撞  0.0% 违规  0.48 紧急  1.3% 兜底  0.5% Ep   653s
/root/miniconda3/lib/python3.10/site-packages/cvxpy/problems/problem.py:1539: UserWarning: Solution may be inaccurate. Try another solver, adjusting the solver settings, or solve with verbose=True for more information.
  warnings.warn(
    [Continuous-safe seed3]  2000000步 | 到达   0.0% 碰撞  0.0% 违规  0.83 紧急  1.3% 兜底  0.4% Ep   661s
/root/miniconda3/lib/python3.10/site-packages/cvxpy/problems/problem.py:1539: UserWarning: Solution may be inaccurate. Try another solver, adjusting the solver settings, or solve with verbose=True for more information.
  warnings.warn(
