[classify] 1363 个 ρ5 态 · Tmax=120.0 h=0.5 机动族=full · 视界扫描=[20.0, 30.0, 40.0, 60.0, 80.0, 120.0]
  他船真实 shape：宽∈[31.12, 32.03, 33.15, 34.48, 35.67, 35.8, 36.09, 38.08]…  长∈[206.36, 207.67, 214.19, 214.75, 214.81, 221.27, 222.74, 223.11]…
  ⚠️ 他船宽 ≠ SR108 25.4m → 项目'两船皆 SR108'假设不成立·gap#1 默认 obs_width=25.4 是 under-approx(sound 但保守)·本探针用真宽(两边 sound)
  ...100/1363
  ...200/1363
  ...300/1363
  ...400/1363
  ...500/1363
  ...600/1363
  ...700/1363
  ...800/1363
  ...900/1363
  ...1000/1363
  ...1100/1363
  ...1200/1363
  ...1300/1363

===== 冲突严重度（keep-course=不做机动的全程最小净空）=====
  真对撞(kc≤0)=15(1.1%) · 擦边(0-50m)=18 · 假紧急(>50m 不做也安全)=1330(97.6%)

----- T 视界扫描 · 全 population（n=1363）-----
   T(s) |  unavoid%   avoid%   undec%
     20 |      0.2    99.5     0.3
     30 |      0.2    99.5     0.3
     40 |      0.2    99.5     0.3
     60 |      0.2    99.5     0.3
     80 |      0.2    99.5     0.3
    120 |      0.2    99.5     0.3

----- T 视界扫描 · 真对撞子集(kc≤0)（n=15）-----
   T(s) |  unavoid%   avoid%   undec%
     20 |     20.0    53.3    26.7
     30 |     20.0    53.3    26.7
     40 |     20.0    53.3    26.7
     60 |     20.0    53.3    26.7
     80 |     20.0    53.3    26.7
    120 |     20.0    53.3    26.7

----- T 视界扫描 · 真对撞+擦边(kc≤50)（n=33）-----
   T(s) |  unavoid%   avoid%   undec%
     20 |      9.1    78.8    12.1
     30 |      9.1    78.8    12.1
     40 |      9.1    78.8    12.1
     60 |      9.1    78.8    12.1
     80 |      9.1    78.8    12.1
    120 |      9.1    78.8    12.1
  ⓘ 【真对撞子集】的 undec/unavoid 才是方向 A 命门数；undec 随 T 缩到相遇视界(≈40-60s)仍大=真命门·即塌=视界артефакт。

===== 按相遇聚合（视界=40s 为例·相遇有≥1 未决步则记未决）=====
  T=40s: 相遇总数=48 · 有未决步的相遇=2(4.2%) · 全程不可避=0
  T=80s: 相遇总数=48 · 有未决步的相遇=2(4.2%) · 全程不可避=0

===== 分距离（视界=40s·未决是否只集中近距）· gap#1 触发率=0.22% of ρ5 =====
  （复审：gap#1 若近空 → A-ii 有界严重度打空集·须砍/hedge）
  [   0- 400]m n=   41: unavoid  7.3% / avoid 82.9% / undec  9.8%
  [ 400- 780]m n=  433: unavoid  0.0% / avoid 100.0% / undec  0.0%
  [ 780-   ∞]m n=  889: unavoid  0.0% / avoid 100.0% / undec  0.0%

===== 机动族覆盖（各机动在 40s 视界内清障的态数·诊断族够不够）=====
                a-0.24_w+0.000: 1353
                a-0.24_w+0.030: 1351
  turn-0.030_20s_then_straight: 1351
                a-0.24_w-0.030: 1350
                a+0.00_w-0.030: 1350
                a+0.24_w+0.000: 1350
  accel_turn-0.030_20s_then_straight: 1350
  turn-0.030_40s_then_straight: 1350
  turn-0.030_60s_then_straight: 1350
                a+0.00_w+0.030: 1349
  turn+0.030_20s_then_straight: 1349
  turn+0.030_40s_then_straight: 1349

🔴 go/no-go 判读（别照抄单数）：
   · 🎯 真答案 = 【真对撞子集(kc≤0)】的分区：unavoid+avoid 高·undec 小 → 方向 A 有底(能可证明处理硬态)；
     undec 大(随 T 缩到相遇视界仍大) → 机动族覆盖不到 → 方向 A 弱 / 退 demonstration。
   · 若真对撞子集=0(如 SRC=golden L196)：本群体测不了方向 A·换 SRC=adversarial/synthetic。
   · gap#1 触发率近空 → 砍 A-ii 有界严重度。按相遇 undec% = encounter 级口径。
   · 边界：单障碍 CV·真 go 还须核 block2 执行接管(L192-I OOD 反噬)+多障碍不合成。
