[classify] 300 个 ρ5 态 · Tmax=120.0 h=0.5 机动族=full · 视界扫描=[20.0, 30.0, 40.0, 60.0, 80.0, 120.0]
  他船真实 shape：宽∈[25.53, 25.54, 25.65, 25.69, 25.81, 25.85, 25.9, 25.99]…  长∈[175.14, 175.58, 175.64, 176.13, 176.21, 176.66, 176.77, 177.06]…
  ⚠️ 他船宽 ≠ SR108 25.4m → 项目'两船皆 SR108'假设不成立·gap#1 默认 obs_width=25.4 是 under-approx(sound 但保守)·本探针用真宽(两边 sound)
  ...100/300
  ...200/300
  ...300/300

===== 冲突严重度（keep-course=不做机动的全程最小净空）=====
  真对撞(kc≤0)=300(100.0%) · 擦边(0-50m)=0 · 假紧急(>50m 不做也安全)=0(0.0%)

----- T 视界扫描 · 全 population（n=300）-----
   T(s) |  unavoid%   avoid%   undec%
     20 |     13.7    68.0    18.3
     30 |     13.7    66.3    20.0
     40 |     13.7    65.7    20.7
     60 |     13.7    65.7    20.7
     80 |     13.7    65.0    21.3
    120 |     13.7    65.0    21.3

----- T 视界扫描 · 真对撞子集(kc≤0)（n=300）-----
   T(s) |  unavoid%   avoid%   undec%
     20 |     13.7    68.0    18.3
     30 |     13.7    66.3    20.0
     40 |     13.7    65.7    20.7
     60 |     13.7    65.7    20.7
     80 |     13.7    65.0    21.3
    120 |     13.7    65.0    21.3

----- T 视界扫描 · 真对撞+擦边(kc≤50)（n=300）-----
   T(s) |  unavoid%   avoid%   undec%
     20 |     13.7    68.0    18.3
     30 |     13.7    66.3    20.0
     40 |     13.7    65.7    20.7
     60 |     13.7    65.7    20.7
     80 |     13.7    65.0    21.3
    120 |     13.7    65.0    21.3
  ⓘ 【真对撞子集】的 undec/unavoid 才是方向 A 命门数；undec 随 T 缩到相遇视界(≈40-60s)仍大=真命门·即塌=视界артефакт。

===== 按相遇聚合（视界=40s 为例·相遇有≥1 未决步则记未决）=====
  T=40s: 相遇总数=300 · 有未决步的相遇=62(20.7%) · 全程不可避=41
  T=80s: 相遇总数=300 · 有未决步的相遇=64(21.3%) · 全程不可避=41

===== 分距离（视界=40s·未决是否只集中近距）· gap#1 触发率=13.67% of ρ5 =====
  （复审：gap#1 若近空 → A-ii 有界严重度打空集·须砍/hedge）
  [   0- 400]m n=  199: unavoid 20.6% / avoid 48.2% / undec 31.2%
  [ 400- 780]m n=   88: unavoid  0.0% / avoid 100.0% / undec  0.0%
  [ 780-   ∞]m n=   13: unavoid  0.0% / avoid 100.0% / undec  0.0%

===== 机动族覆盖（各机动在 40s 视界内清障的态数·诊断族够不够）=====
                a-0.24_w-0.030: 168
                a-0.24_w+0.030: 164
                a+0.00_w-0.030: 144
  turn-0.030_40s_then_straight: 144
  turn-0.030_60s_then_straight: 144
                a-0.24_w+0.000: 140
                a+0.24_w-0.030: 137
  turn-0.030_20s_then_straight: 137
  accel_turn-0.030_40s_then_straight: 137
  accel_turn-0.030_60s_then_straight: 137
                a+0.00_w+0.030: 135
  turn+0.030_40s_then_straight: 135

🔴 go/no-go 判读（别照抄单数）：
   · 🎯 真答案 = 【真对撞子集(kc≤0)】的分区：unavoid+avoid 高·undec 小 → 方向 A 有底(能可证明处理硬态)；
     undec 大(随 T 缩到相遇视界仍大) → 机动族覆盖不到 → 方向 A 弱 / 退 demonstration。
   · 若真对撞子集=0(如 SRC=golden L196)：本群体测不了方向 A·换 SRC=adversarial/synthetic。
   · gap#1 触发率近空 → 砍 A-ii 有界严重度。按相遇 undec% = encounter 级口径。
   · 边界：单障碍 CV·真 go 还须核 block2 执行接管(L192-I OOD 反噬)+多障碍不合成。
