[classify] 423 个 ρ5 态 · Tmax=120.0 h=0.5 机动族=full · 视界扫描=[20.0, 30.0, 40.0, 60.0, 80.0, 120.0]
  他船真实 shape：宽∈[31.12, 32.98, 34.48, 35.8, 36.09, 38.08, 40.25, 44.35]…  长∈[206.36, 221.27, 227.01, 230.31, 242.97, 251.36, 252.21, 260.92]…
  ⚠️ 他船宽 ≠ SR108 25.4m → 项目'两船皆 SR108'假设不成立·gap#1 默认 obs_width=25.4 是 under-approx(sound 但保守)·本探针用真宽(两边 sound)
  ...100/423
  ...200/423
  ...300/423
  ...400/423

===== T 视界扫描（per-step·未决对视界的敏感度 = 视界артефакт vs 真命门）=====
   T(s) |  unavoid%   avoid%   undec%
     20 |      0.0   100.0     0.0
     30 |      0.0   100.0     0.0
     40 |      0.0   100.0     0.0
     60 |      0.0   100.0     0.0
     80 |      0.0   100.0     0.0
    120 |      0.0   100.0     0.0
  ⓘ 相遇视界≈t_cpa（他船过顶后 CV 无碰）；undec 随 T 缩而塌 = 视界артефакт非真未决（判读取相遇视界·非 120s）。

===== 按相遇聚合（视界=40s 为例·相遇有≥1 未决步则记未决）=====
  T=40s: 相遇总数=40 · 有未决步的相遇=0(0.0%) · 全程不可避=0
  T=80s: 相遇总数=40 · 有未决步的相遇=0(0.0%) · 全程不可避=0

===== 分距离（视界=40s·未决是否只集中近距）· gap#1 触发率=0.00% of ρ5 =====
  （复审：gap#1 若近空 → A-ii 有界严重度打空集·须砍/hedge）
  [   0- 400]m n=    8: unavoid  0.0% / avoid 100.0% / undec  0.0%
  [ 400- 780]m n=   84: unavoid  0.0% / avoid 100.0% / undec  0.0%
  [ 780-   ∞]m n=  331: unavoid  0.0% / avoid 100.0% / undec  0.0%

===== 机动族覆盖（各机动在 40s 视界内清障的态数·诊断族够不够）=====
                a-0.24_w-0.030: 423
                a-0.24_w+0.000: 423
                a+0.00_w-0.030: 423
                a+0.24_w-0.030: 423
                a+0.24_w+0.000: 423
  turn-0.030_20s_then_straight: 423
  accel_turn-0.030_20s_then_straight: 423
  turn-0.030_40s_then_straight: 423
  accel_turn-0.030_40s_then_straight: 423
  turn-0.030_60s_then_straight: 423
  accel_turn-0.030_60s_then_straight: 423
                a-0.24_w+0.030: 422

🔴 go/no-go 判读（别照抄单数）：
   · 看 T 视界扫描：undec 随 T 缩到相遇视界(≈40-60s)后仍大 → 真命门；随 T 缩即塌 → 120s 是视界артефакт。
   · 按相遇 undec% 才是 encounter 级口径（项目标准）。gap#1 近空 → 砍 A-ii。
   · 群体=本策略部署分布(偏易·Attack 2b)：真 go 还须核 block2 执行接管(L192-I OOD 反噬)+多障碍不合成——本探针只量单障碍 CV。
