=== step4e [FULL（非SMOKE；场景数看 N_TOTAL，非必=全2000）] | parties=['Discrete-safe'] | N_TOTAL=200 test_frac=0.3 | steps=5000000 seeds=[1] n_seg=10 n_envs=8 | ent_coef=0.01(恒定·关退火) clip_reward=10(默认) norm_reward=True(默认) ===
均衡数据集模式（manifest）：训练 141（head-on/crossing 94 + overtaking 47）+ 测试 60（head-on/crossing 40 + overtaking 20）← /root/trb/balanced_pool/manifest_200.json
实际可用：训练 141/141 / 测试 60/60
📋 静态元数据 → run_metadata_probeBalDisc_Discrete-safe_s1.json（论文参数全记齐）

>>> Discrete-safe (env=shielded, colregs_weight=1.0) seed=1 训练中…
    [Discrete-safe seed1]   500000步 | 到达   1.7% 碰撞  0.0% 违规  0.53 紧急 29.2% Ep  1344s
    [Discrete-safe seed1]  1000000步 | 到达   0.0% 碰撞  0.0% 违规  0.60 紧急 28.8% Ep  1387s
    [Discrete-safe seed1]  1500000步 | 到达   1.7% 碰撞  0.0% 违规  0.80 紧急 29.7% Ep  1372s
    [Discrete-safe seed1]  2000000步 | 到达   1.7% 碰撞  0.0% 违规  0.83 紧急 27.1% Ep  1327s
    [Discrete-safe seed1]  2500000步 | 到达   5.0% 碰撞  0.0% 违规  1.18 紧急 30.6% Ep  1336s
    [Discrete-safe seed1]  3000000步 | 到达  11.7% 碰撞  0.0% 违规  0.78 紧急 32.0% Ep   670s
    [Discrete-safe seed1]  3500000步 | 到达  23.3% 碰撞  0.0% 违规  0.87 紧急 29.6% Ep   654s
    [Discrete-safe seed1]  4000000步 | 到达  46.7% 碰撞  0.0% 违规  1.05 紧急 28.9% Ep   622s
    [Discrete-safe seed1]  4500000步 | 到达  45.0% 碰撞  0.0% 违规  1.22 紧急 31.1% Ep   617s
    [Discrete-safe seed1]  5000000步 | 到达  55.0% 碰撞  0.0% 违规  0.83 紧急 29.4% Ep   613s
    [Discrete-safe seed1] ✅ 训练 17693s = 283 fps + 评估 390s（评估占 wall 2%；满量 3M 训练预计 2.9h/方/种子）
      ⓘ L23 定核：评估占比高 = 单线程 eval 空转多核 → 降 NSEG / 减评估场景数比加核更直接

# step4e Table III [FULL（非SMOKE；场景数看 N_TOTAL，非必=全2000）] | N_TOTAL=200 70/30 选取=均衡数据集 manifest(manifest_200.json) | 实际 训练 141 / 测试 60 | steps=5000000 | seeds=[1] | 均值±样本std
# 四方同口径配方：同 env/场景/评估(ViolationCounter)/VecNormalize(obs+reward·clip 见下行配置)/gamma0.99；离散三方=MaskablePPO+ent_coef（配置见下行，03 D22/D25/L21）、Continuous-safe=SAC(ent_coef auto·无退火)+连续投影盾(丢 r_colregs·紧急步%两臂 pre-step rho_acting 同口径·另有「兜底步%」列见 jsonl，C2/L46)
# ent/clip/normR 配置：ent 0.01→0.01@前0.6 / clip±10.0 / normR=True
# 本次 run 耗时 18093s（续跑/并行场景非累计）

Party          |         到达率% |         碰撞率% |         违规/局 |         紧急步% |         Ep长s | seeds
------------------------------------------------------------------------------------------------
Base           | （未完成）
Rule-reward    | （未完成）
Discrete-safe  |     55.0±0.0 |      0.0±0.0 |    0.83±0.00 |     29.4±0.0 |        613±0 | 1
Continuous-safe | （未完成）

✅ 完成。Table III → /root/trb/代码/../结果/table3_probeBalDisc_Discrete-safe_s1.txt（partial → /root/trb/代码/../结果/step4e_partial_probeBalDisc_Discrete-safe_s1.jsonl）
⭐ 把 结果/table3.txt 发我核对是否过 Phase 1 通过门（对齐 Krasowski）。
