=== step4e [FULL（非SMOKE；场景数看 N_TOTAL，非必=全2000）] | parties=['Continuous-safe'] | N_TOTAL=200 test_frac=0.3 | steps=100000 seeds=[1] n_seg=20 n_envs=8 | ent_coef=0.03→0.005@前60%步 clip_reward=10(默认) norm_reward=True(默认) ===
分散抽样：训练 140 + held-out 测试 60（互不重叠、非尾块）→ 缓存 /root/trb/scenarios …
实际可用：训练 140/140 / 测试 60/60
📋 静态元数据 → run_metadata_diagBRO.json（论文参数全记齐）

>>> Continuous-safe (env=continuous, colregs_weight=0.0) seed=1 训练中…
    [Continuous-safe seed1]     5000步 | 到达   0.0% 碰撞  0.0% 违规  2.13 紧急 15.3% 兜底  0.2% Ep  1594s
    [Continuous-safe seed1]    10000步 | 到达   0.0% 碰撞  3.3% 违规  1.58 紧急 10.9% 兜底  0.2% Ep  1656s
    [Continuous-safe seed1]    15000步 | 到达   5.0% 碰撞  1.7% 违规  0.98 紧急 10.2% 兜底  0.1% Ep  1611s
    [Continuous-safe seed1]    20000步 | 到达   0.0% 碰撞  0.0% 违规  0.43 紧急  9.8% 兜底  0.1% Ep  1672s
    [Continuous-safe seed1]    25000步 | 到达   0.0% 碰撞  0.0% 违规  0.40 紧急  2.8% 兜底  0.0% Ep  1683s
    [Continuous-safe seed1]    30000步 | 到达   0.0% 碰撞  0.0% 违规  0.72 紧急  6.5% 兜底  0.0% Ep  1700s
    [Continuous-safe seed1]    35000步 | 到达   0.0% 碰撞  0.0% 违规  0.70 紧急  3.1% 兜底  0.0% Ep  1700s
    [Continuous-safe seed1]    40000步 | 到达   0.0% 碰撞  1.7% 违规  0.97 紧急  5.2% 兜底  0.0% Ep  1580s
    [Continuous-safe seed1]    45000步 | 到达   0.0% 碰撞  1.7% 违规  1.48 紧急 13.3% 兜底  0.1% Ep  1615s
    [Continuous-safe seed1]    50000步 | 到达   3.3% 碰撞  0.0% 违规  1.07 紧急  8.2% 兜底  0.1% Ep  1633s
    [Continuous-safe seed1]    55000步 | 到达   0.0% 碰撞  0.0% 违规  0.65 紧急 12.7% 兜底  0.1% Ep  1484s
    [Continuous-safe seed1]    60000步 | 到达   0.0% 碰撞  0.0% 违规  0.65 紧急  9.4% 兜底  0.2% Ep  1108s
    [Continuous-safe seed1]    65000步 | 到达   1.7% 碰撞  3.3% 违规  1.00 紧急 10.2% 兜底  0.1% Ep   806s
    [Continuous-safe seed1]    70000步 | 到达   0.0% 碰撞  0.0% 违规  0.92 紧急 10.2% 兜底  0.2% Ep   798s
    [Continuous-safe seed1]    75000步 | 到达   1.7% 碰撞  1.7% 违规  1.07 紧急  9.0% 兜底  0.2% Ep   847s
    [Continuous-safe seed1]    80000步 | 到达   0.0% 碰撞  1.7% 违规  1.07 紧急 10.7% 兜底  0.2% Ep   792s
    [Continuous-safe seed1]    85000步 | 到达   0.0% 碰撞  0.0% 违规  1.08 紧急 10.8% 兜底  0.3% Ep   806s
    [Continuous-safe seed1]    90000步 | 到达   0.0% 碰撞  1.7% 违规  0.77 紧急 10.5% 兜底  0.1% Ep   821s
    [Continuous-safe seed1]    95000步 | 到达   0.0% 碰撞  0.0% 违规  1.25 紧急  5.9% 兜底  0.3% Ep   707s
    [Continuous-safe seed1]   100000步 | 到达   1.7% 碰撞  0.0% 违规  1.43 紧急  6.8% 兜底  0.3% Ep   806s
    [Continuous-safe seed1] ✅ 训练 1455s = 69 fps + 评估 810s（评估占 wall 36%；满量 3M 预计 12.1h/种子）

# step4e Table III [FULL（非SMOKE；场景数看 N_TOTAL，非必=全2000）] | N_TOTAL=200 70/30 选取=strided跨全库(pool=2000) | 实际 训练 140 / 测试 60 | steps=100000 | seeds=[1] | 均值±样本std
# 四方同口径配方：同 env/场景/评估(ViolationCounter)/VecNormalize(obs+reward·clip 见下行配置)/gamma0.99；离散三方=MaskablePPO+ent_coef（配置见下行，03 D22/D25/L21）、Continuous-safe=SAC(ent_coef auto·无退火)+连续投影盾(丢 r_colregs·紧急步%两臂 pre-step rho_acting 同口径·另有「兜底步%」列见 jsonl，C2/L46)
# ent/clip/normR 配置：（旧记录未标 → 未知）
# 本次 run 耗时 2271s（续跑/并行场景非累计）

Party          |         到达率% |         碰撞率% |         违规/局 |         紧急步% |         Ep长s | seeds
------------------------------------------------------------------------------------------------
Base           | （未完成）
Rule-reward    | （未完成）
Discrete-safe  | （未完成）
Continuous-safe |      1.7±0.0 |      0.0±0.0 |    1.43±0.00 |      6.8±0.0 |        806±0 | 1

✅ 完成。Table III → /root/trb/代码/../结果/table3_diagBRO.txt（partial → /root/trb/代码/../结果/step4e_partial_diagBRO.jsonl）
⭐ 把 结果/table3.txt 发我核对是否过 Phase 1 通过门（对齐 Krasowski）。
