=== step4e [FULL（非SMOKE；场景数看 N_TOTAL，非必=全2000）] | parties=['Continuous-safe'] | N_TOTAL=200 test_frac=0.3 | steps=100000 seeds=[1] n_seg=20 n_envs=8 | ent_coef=0.01(恒定·关退火) clip_reward=10(默认) norm_reward=True(默认) ===
分散抽样：训练 140 + held-out 测试 60（互不重叠、非尾块）→ 缓存 /root/trb/scenarios …
实际可用：训练 140/140 / 测试 60/60
📋 静态元数据 → run_metadata_diagPPO_ab.json（论文参数全记齐）

>>> Continuous-safe (env=continuous, colregs_weight=0.0) seed=1 训练中…
    [Continuous-safe seed1]     5000步 | 到达   0.0% 碰撞  0.0% 违规  3.35 紧急  6.1% 兜底  0.1% Ep  1651s
    [Continuous-safe seed1]    10000步 | 到达   0.0% 碰撞  0.0% 违规  2.40 紧急  8.7% 兜底  0.2% Ep  1553s
    [Continuous-safe seed1]    15000步 | 到达   0.0% 碰撞  0.0% 违规  1.60 紧急 10.7% 兜底  0.2% Ep  1632s
    [Continuous-safe seed1]    20000步 | 到达   0.0% 碰撞  0.0% 违规  2.60 紧急 11.5% 兜底  0.2% Ep  1619s
    [Continuous-safe seed1]    25000步 | 到达   0.0% 碰撞  0.0% 违规  1.63 紧急 12.0% 兜底  0.1% Ep  1421s
    [Continuous-safe seed1]    30000步 | 到达   0.0% 碰撞  0.0% 违规  1.73 紧急 10.6% 兜底  0.1% Ep  1501s
    [Continuous-safe seed1]    35000步 | 到达   3.3% 碰撞  0.0% 违规  1.35 紧急 10.0% 兜底  0.2% Ep  1496s
    [Continuous-safe seed1]    40000步 | 到达   0.0% 碰撞  0.0% 违规  0.65 紧急 12.9% 兜底  0.0% Ep  1353s
    [Continuous-safe seed1]    45000步 | 到达   0.0% 碰撞  0.0% 违规  0.88 紧急 13.1% 兜底  0.1% Ep  1284s
    [Continuous-safe seed1]    50000步 | 到达   0.0% 碰撞  0.0% 违规  0.62 紧急 10.8% 兜底  0.0% Ep  1224s
    [Continuous-safe seed1]    55000步 | 到达   1.7% 碰撞  1.7% 违规  1.22 紧急  8.7% 兜底  0.1% Ep  1125s
    [Continuous-safe seed1]    60000步 | 到达   1.7% 碰撞  3.3% 违规  1.08 紧急  7.3% 兜底  0.1% Ep  1086s
    [Continuous-safe seed1]    65000步 | 到达   1.7% 碰撞  0.0% 违规  0.57 紧急  6.2% 兜底  0.0% Ep  1091s
    [Continuous-safe seed1]    70000步 | 到达   0.0% 碰撞  1.7% 违规  1.47 紧急  7.6% 兜底  0.1% Ep  1010s
    [Continuous-safe seed1]    75000步 | 到达   0.0% 碰撞  0.0% 违规  1.00 紧急  6.5% 兜底  0.1% Ep  1056s
    [Continuous-safe seed1]    80000步 | 到达   0.0% 碰撞  1.7% 违规  1.12 紧急  6.8% 兜底  0.1% Ep  1022s
    [Continuous-safe seed1]    85000步 | 到达   1.7% 碰撞  1.7% 违规  1.37 紧急  7.6% 兜底  0.2% Ep  1000s
    [Continuous-safe seed1]    90000步 | 到达   1.7% 碰撞  1.7% 违规  0.92 紧急  7.7% 兜底  0.1% Ep  1003s
    [Continuous-safe seed1]    95000步 | 到达   0.0% 碰撞  3.3% 违规  1.18 紧急  9.9% 兜底  0.2% Ep   988s
    [Continuous-safe seed1]   100000步 | 到达   0.0% 碰撞  0.0% 违规  0.78 紧急  7.6% 兜底  0.2% Ep   978s
    [Continuous-safe seed1] ✅ 训练 413s = 242 fps + 评估 791s（评估占 wall 66%；满量 3M 预计 3.4h/种子）

# step4e Table III [FULL（非SMOKE；场景数看 N_TOTAL，非必=全2000）] | N_TOTAL=200 70/30 选取=strided跨全库(pool=2000) | 实际 训练 140 / 测试 60 | steps=100000 | seeds=[1] | 均值±样本std
# 四方同口径配方：同 env/场景/评估(ViolationCounter)/VecNormalize(obs+reward·clip 见下行配置)/gamma0.99；离散三方=MaskablePPO+ent_coef（配置见下行，03 D22/D25/L21）、Continuous-safe=SAC(ent_coef auto·无退火)+连续投影盾(丢 r_colregs·紧急步%两臂 pre-step rho_acting 同口径·另有「兜底步%」列见 jsonl，C2/L46)
# ent/clip/normR 配置：（旧记录未标 → 未知）
# 本次 run 耗时 1210s（续跑/并行场景非累计）

Party          |         到达率% |         碰撞率% |         违规/局 |         紧急步% |         Ep长s | seeds
------------------------------------------------------------------------------------------------
Base           | （未完成）
Rule-reward    | （未完成）
Discrete-safe  | （未完成）
Continuous-safe |      0.0±0.0 |      0.0±0.0 |    0.78±0.00 |      7.6±0.0 |        978±0 | 1

✅ 完成。Table III → /root/trb/代码/../结果/table3_diagPPO_ab.txt（partial → /root/trb/代码/../结果/step4e_partial_diagPPO_ab.jsonl）
⭐ 把 结果/table3.txt 发我核对是否过 Phase 1 通过门（对齐 Krasowski）。
