=== step4e [FULL（非SMOKE；场景数看 N_TOTAL，非必=全2000）] | parties=['Discrete-safe'] | N_TOTAL=200 test_frac=0.3 | steps=3000000 seeds=[1] n_seg=6 n_envs=8 | ent_coef=0.01(恒定·关退火) clip_reward=10(默认) norm_reward=False(消融·关奖励归一化) ===
分散抽样：训练 140 + held-out 测试 60（互不重叠、非尾块）→ 缓存 /root/trb/scenarios …
实际可用：训练 140/140 / 测试 60/60

>>> Discrete-safe (env=shielded, colregs_weight=1.0) seed=1 训练中…
    [Discrete-safe seed1]   500000步 | 到达   0.0% 碰撞  0.0% 违规  2.37 紧急 23.5% Ep  1120s
    [Discrete-safe seed1]  1000000步 | 到达   0.0% 碰撞  0.0% 违规  2.32 紧急 23.1% Ep  1050s
    [Discrete-safe seed1]  1500000步 | 到达   0.0% 碰撞  0.0% 违规  1.95 紧急 21.7% Ep  1052s
    [Discrete-safe seed1]  2000000步 | 到达   0.0% 碰撞  0.0% 违规  2.25 紧急 24.2% Ep  1105s
    [Discrete-safe seed1]  2500000步 | 到达   0.0% 碰撞  0.0% 违规  1.93 紧急 22.8% Ep  1140s
    [Discrete-safe seed1]  3000000步 | 到达   0.0% 碰撞  0.0% 违规  2.40 紧急 27.2% Ep  1142s
    [Discrete-safe seed1] ✅ 训练 11164s = 269 fps + 评估 461s（评估占 wall 4%；满量 3M 训练预计 3.1h/方/种子）
      ⓘ L23 定核：评估占比高 = 单线程 eval 空转多核 → 降 NSEG / 减评估场景数比加核更直接

# step4e Table III [FULL（非SMOKE；场景数看 N_TOTAL，非必=全2000）] | N_TOTAL=200 70/30 选取=strided跨全库(pool=2000) | 实际 训练 140 / 测试 60 | steps=3000000 | seeds=[1] | 均值±样本std
# 三方同口径配方：VecNormalize(obs+reward) + ent_coef（具体配置见下行）（03 D22/D25/L21）；Continuous-safe(SAC)=Phase 3 不在此
# ent/clip/normR 配置：ent 0.01→0.01@前0.6 / clip±10.0 / normR=False
# 本次 run 耗时 11638s（续跑/并行场景非累计）

Party          |         到达率% |         碰撞率% |         违规/局 |         紧急步% |         Ep长s | seeds
------------------------------------------------------------------------------------------------
Base           |      0.0±0.0 |     18.3±0.0 |    9.38±0.00 |            – |        875±0 | 1
Rule-reward    |      0.0±0.0 |     20.0±0.0 |   10.83±0.00 |            – |        863±0 | 1
Discrete-safe  |      0.0±0.0 |      0.0±0.0 |    2.40±0.00 |     27.2±0.0 |       1142±0 | 1

✅ 完成。Table III → /root/trb/代码/../结果/table3_normobs.txt（partial → /root/trb/代码/../结果/step4e_partial_normobs.jsonl）
⭐ 把 结果/table3.txt 发我核对是否过 Phase 1 通过门（对齐 Krasowski）。
