\BOOKMARK [1][-]{section*.1}{\376\377\144\130\211\201}{}% 1
\BOOKMARK [1][-]{section*.2}{\376\377\137\025\212\000}{}% 2
\BOOKMARK [2][-]{subsection*.3}{\376\377\150\070\137\303\137\040\122\233\116\016\163\260\147\011\116\044\174\173\120\132\154\325}{section*.2}% 3
\BOOKMARK [2][-]{subsection*.4}{\376\377\142\225\137\161\137\017\133\211\121\150\166\376\116\016\155\167\116\213\000\040\000C\000O\000L\000R\000E\000G\000s\000\040\166\204\172\172\166\175}{section*.2}% 4
\BOOKMARK [2][-]{subsection*.5}{\376\377\166\370\121\163\135\345\117\134}{section*.2}% 5
\BOOKMARK [2][-]{subsection*.6}{\376\377\147\054\145\207\215\041\163\056}{section*.2}% 6
\BOOKMARK [1][-]{section*.7}{\376\377\145\271\154\325}{}% 7
\BOOKMARK [2][-]{subsection*.8}{\376\377\225\356\230\230\137\142\137\017\123\026}{section*.7}% 8
\BOOKMARK [2][-]{subsection*.9}{\376\377\000C\000O\000L\000R\000E\000G\000s\000\040\166\370\220\107\140\001\122\277\162\266\140\001\147\072}{section*.7}% 9
\BOOKMARK [2][-]{subsection*.10}{\376\377\133\211\121\150\122\250\117\134\226\306}{section*.7}% 10
\BOOKMARK [2][-]{subsection*.11}{\376\377\116\214\153\041\211\304\122\022\142\225\137\161\116\016\121\134\136\225}{section*.7}% 11
\BOOKMARK [2][-]{subsection*.13}{\376\377\122\277\121\375\145\160\131\126\122\261\130\121\137\142}{section*.7}% 12
\BOOKMARK [2][-]{subsection*.14}{\376\377\213\312\145\255\232\161\122\250\166\204\117\356\131\015\145\271\150\110\157\024\217\333\377\032\217\333\225\350\122\277\123\312\121\166\152\052\124\021\217\333\136\046\122\240\126\372}{section*.7}% 13
\BOOKMARK [2][-]{subsection*.15}{\376\377\164\006\213\272\117\335\213\301\116\016\213\332\133\236\217\271\165\114}{section*.7}% 14
\BOOKMARK [1][-]{section*.16}{\376\377\176\323\147\234}{}% 15
\BOOKMARK [2][-]{subsection*.17}{\376\377\133\236\232\214\213\276\177\156}{section*.16}% 16
\BOOKMARK [2][-]{subsection*.18}{\376\377\133\236\232\214\116\000\377\032\0002\0000\0000\000\040\127\072\146\157\377\010\131\032\171\315\133\120\155\210\207\215\116\016\126\333\145\271\133\371\153\324\377\011}{section*.16}% 17
\BOOKMARK [2][-]{subsection*.21}{\376\377\133\236\232\214\116\214\377\032\0002\0000\0000\0000\000\040\127\072\146\157\377\010\121\150\221\317\123\273\126\152\000\267\150\007\121\306\131\064\147\141\176\323\147\234\377\011}{section*.16}% 18
\BOOKMARK [1][-]{section*.23}{\376\377\213\250\213\272}{}% 19
\BOOKMARK [1][-]{section*.24}{\376\377\176\323\213\272}{}% 20
\BOOKMARK [1][-]{section*.25}{\376\377\201\364\214\042}{}% 21
\BOOKMARK [1][-]{section*.26}{\376\377\117\134\200\005\215\041\163\056}{}% 22
\BOOKMARK [1][-]{section*.27}{\376\377\122\051\166\312\121\262\172\201\130\360\146\016}{}% 23
\BOOKMARK [1][-]{section*.28}{\376\377\215\104\122\251}{}% 24
\BOOKMARK [1][-]{section*.29}{\376\377\123\302\200\003\145\207\163\056}{}% 25
