▶ s1 位置-only 训练开始 · GOAL_IGNORE_ORIENT=1 · 5M步 · TAG=_posonly_ppo_s1 · Tue Jul 14 18:30:56 CST 2026
=== step4e [FULL（非SMOKE；场景数看 N_TOTAL，非必=全2000）] | parties=['Continuous-safe'] | N_TOTAL=200 test_frac=0.3 | steps=5000000 seeds=[1] n_seg=10 n_envs=8 | ent_coef=0.01(恒定·关退火) clip_reward=10(默认) norm_reward=True(默认) ===
均衡数据集模式（manifest）：训练 94（head-on/crossing 94 + overtaking 0）+ 测试 40（head-on/crossing 40 + overtaking 0）← /root/trb/balanced_pool/manifest_hocr_200.json
实际可用：训练 94/94 / 测试 40/40
📋 静态元数据 → run_metadata_posonly_ppo_s1.json（论文参数全记齐）

>>> Continuous-safe (env=continuous, colregs_weight=0.0) seed=1 训练中…
    [Continuous-safe seed1]   500000步 | 到达  35.0% 碰撞  0.0% 违规  0.93 紧急  3.4% 兜底  0.2% Ep   809s
/root/miniconda3/lib/python3.10/site-packages/cvxpy/problems/problem.py:1539: UserWarning: Solution may be inaccurate. Try another solver, adjusting the solver settings, or solve with verbose=True for more information.
  warnings.warn(
    [Continuous-safe seed1]  1000000步 | 到达  65.0% 碰撞  0.0% 违规  0.70 紧急  3.0% 兜底  0.0% Ep   714s
/root/miniconda3/lib/python3.10/site-packages/cvxpy/problems/problem.py:1539: UserWarning: Solution may be inaccurate. Try another solver, adjusting the solver settings, or solve with verbose=True for more information.
  warnings.warn(
/root/miniconda3/lib/python3.10/site-packages/cvxpy/problems/problem.py:1539: UserWarning: Solution may be inaccurate. Try another solver, adjusting the solver settings, or solve with verbose=True for more information.
  warnings.warn(
    [Continuous-safe seed1]  1500000步 | 到达  75.0% 碰撞  0.0% 违规  0.42 紧急  2.5% 兜底  0.0% Ep   640s
/root/miniconda3/lib/python3.10/site-packages/cvxpy/problems/problem.py:1539: UserWarning: Solution may be inaccurate. Try another solver, adjusting the solver settings, or solve with verbose=True for more information.
  warnings.warn(
/root/miniconda3/lib/python3.10/site-packages/cvxpy/problems/problem.py:1539: UserWarning: Solution may be inaccurate. Try another solver, adjusting the solver settings, or solve with verbose=True for more information.
  warnings.warn(
/root/miniconda3/lib/python3.10/site-packages/cvxpy/problems/problem.py:1539: UserWarning: Solution may be inaccurate. Try another solver, adjusting the solver settings, or solve with verbose=True for more information.
  warnings.warn(
    [Continuous-safe seed1]  2000000步 | 到达 100.0% 碰撞  0.0% 违规  0.82 紧急  0.9% 兜底  0.1% Ep   526s
/root/miniconda3/lib/python3.10/site-packages/cvxpy/problems/problem.py:1539: UserWarning: Solution may be inaccurate. Try another solver, adjusting the solver settings, or solve with verbose=True for more information.
  warnings.warn(
    [Continuous-safe seed1]  2500000步 | 到达  92.5% 碰撞  0.0% 违规  1.05 紧急  0.4% 兜底  0.3% Ep   543s
    [Continuous-safe seed1]  3000000步 | 到达  95.0% 碰撞  0.0% 违规  0.72 紧急  0.3% 兜底  0.0% Ep   571s
/root/miniconda3/lib/python3.10/site-packages/cvxpy/problems/problem.py:1539: UserWarning: Solution may be inaccurate. Try another solver, adjusting the solver settings, or solve with verbose=True for more information.
  warnings.warn(
    [Continuous-safe seed1]  3500000步 | 到达 100.0% 碰撞  0.0% 违规  1.00 紧急  0.6% 兜底  0.2% Ep   520s
    [Continuous-safe seed1]  4000000步 | 到达 100.0% 碰撞  0.0% 违规  1.38 紧急  1.2% 兜底  0.2% Ep   520s
    [Continuous-safe seed1]  4500000步 | 到达 100.0% 碰撞  0.0% 违规  1.12 紧急  0.8% 兜底  0.1% Ep   511s
    [Continuous-safe seed1]  5000000步 | 到达 100.0% 碰撞  0.0% 违规  1.02 紧急  0.5% 兜底  0.0% Ep   495s
    [Continuous-safe seed1] ✅ 训练 14340s = 349 fps + 评估 187s（评估占 wall 1%；满量 3M 预计 2.4h/种子）

# step4e Table III [FULL（非SMOKE；场景数看 N_TOTAL，非必=全2000）] | N_TOTAL=200 70/30 选取=均衡数据集 manifest(manifest_hocr_200.json) | 实际 训练 94 / 测试 40 | steps=5000000 | seeds=[1] | 均值±样本std
# 四方同口径配方：同 env/场景/评估(ViolationCounter)/VecNormalize(obs+reward·clip 见下行配置)/gamma0.99；离散三方=MaskablePPO+ent_coef（配置见下行，03 D22/D25/L21）、Continuous-safe=SAC(ent_coef auto·无退火)+连续投影盾(丢 r_colregs·紧急步%两臂 pre-step rho_acting 同口径·另有「兜底步%」列见 jsonl，C2/L46)
# ent/clip/normR 配置：（旧记录未标 → 未知）
# 本次 run 耗时 14542s（续跑/并行场景非累计）

Party          |         到达率% |         碰撞率% |         违规/局 |         紧急步% |         Ep长s | seeds
------------------------------------------------------------------------------------------------
Base           | （未完成）
Rule-reward    | （未完成）
Discrete-safe  | （未完成）
Continuous-safe |    100.0±0.0 |      0.0±0.0 |    1.02±0.00 |      0.5±0.0 |        495±0 | 1

✅ 完成。Table III → /root/trb/代码/../结果/table3_posonly_ppo_s1.txt（partial → /root/trb/代码/../结果/step4e_partial_posonly_ppo_s1.jsonl）
⭐ 把 结果/table3.txt 发我核对是否过 Phase 1 通过门（对齐 Krasowski）。
=== 训练结束·收产物 → /root/trb/结果/posonly_s1 · Tue Jul 14 22:33:23 CST 2026 ===
'/root/trb/结果/checkpoints/Continuous-safe_s1_posonly_ppo_s1.zip' -> '/root/trb/结果/posonly_s1/Continuous-safe_s1_posonly_ppo_s1.zip'
'/root/trb/结果/checkpoints/Continuous-safe_s1_posonly_ppo_s1_vecnorm.pkl' -> '/root/trb/结果/posonly_s1/Continuous-safe_s1_posonly_ppo_s1_vecnorm.pkl'
'/root/trb/结果/checkpoints/Continuous-safe_s1_posonly_ppo_s1.progress.json' -> '/root/trb/结果/posonly_s1/Continuous-safe_s1_posonly_ppo_s1.progress.json'
'/root/trb/结果/run_metadata_posonly_ppo_s1.json' -> '/root/trb/结果/posonly_s1/run_metadata_posonly_ppo_s1.json'
'/root/trb/结果/step4e_partial_posonly_ppo_s1.jsonl' -> '/root/trb/结果/posonly_s1/step4e_partial_posonly_ppo_s1.jsonl'
✅ s1 全部完成 · Tue Jul 14 22:33:23 CST 2026 · 文件夹 /root/trb/结果/posonly_s1 自成一体·可传回本地判读
